TN:
SF:contracts/clob/core/FeeCollector.sol
DA:44,57
FN:44,FeeCollector.constructor
FNDA:57,FeeCollector.constructor
DA:45,0
DA:54,57
FN:54,FeeCollector.initialize
FNDA:57,FeeCollector.initialize
DA:59,57
BRDA:59,0,0,2
DA:60,2
DA:62,55
BRDA:62,1,0,1
DA:63,1
DA:66,0
DA:67,0
DA:68,0
DA:70,54
DA:71,54
DA:72,54
DA:74,54
DA:75,54
DA:89,1017
FN:89,FeeCollector.collectFee
FNDA:1017,FeeCollector.collectFee
DA:94,1016
BRDA:94,2,0,1
DA:95,1015
DA:99,1014
DA:101,1014
BRDA:101,4,0,962
DA:103,962
DA:106,962
DA:107,962
DA:109,962
DA:112,1014
DA:120,6
FN:120,FeeCollector.withdrawFees
FNDA:6,FeeCollector.withdrawFees
DA:124,5
BRDA:124,5,0,1
DA:125,4
BRDA:125,6,0,1
DA:126,3
BRDA:126,7,0,1
DA:127,1
DA:130,2
DA:131,2
DA:133,2
DA:141,1004
FN:141,FeeCollector.updateFeeConfig
FNDA:1004,FeeCollector.updateFeeConfig
DA:145,1003
BRDA:145,8,0,1
DA:146,1
DA:148,1002
BRDA:148,9,0,1
DA:149,1
DA:152,1001
DA:153,1001
DA:155,1001
DA:162,3
FN:162,FeeCollector.updateFeeRecipient
FNDA:3,FeeCollector.updateFeeRecipient
DA:163,2
BRDA:163,10,0,1
DA:164,1
DA:166,1
DA:173,4
FN:173,FeeCollector.getFeeConfig
FNDA:4,FeeCollector.getFeeConfig
DA:174,4
DA:182,2
FN:182,FeeCollector.calculateFee
FNDA:2,FeeCollector.calculateFee
DA:183,2
DA:190,2
FN:190,FeeCollector._authorizeUpgrade
FNDA:2,FeeCollector._authorizeUpgrade
FNF:9
FNH:9
LF:50
LH:46
BRF:10
BRH:10
end_of_record
TN:
SF:contracts/clob/core/MarketFactory.sol
DA:43,51
FN:43,MarketFactory.constructor
FNDA:51,MarketFactory.constructor
DA:44,0
DA:54,51
FN:54,MarketFactory.initialize
FNDA:51,MarketFactory.initialize
DA:60,51
BRDA:60,0,0,2
DA:61,2
DA:64,0
DA:65,0
DA:66,0
DA:68,49
DA:69,49
DA:70,49
DA:71,49
DA:73,49
DA:74,49
DA:75,49
DA:76,49
DA:88,46
FN:88,MarketFactory.createMarket
FNDA:46,MarketFactory.createMarket
DA:96,46
BRDA:96,1,0,-
DA:97,0
DA:99,46
BRDA:99,2,0,1
DA:100,1
DA:102,45
BRDA:102,3,0,-
DA:103,0
DA:107,45
BRDA:107,4,0,28
DA:108,28
DA:110,45
BRDA:110,5,0,-
DA:111,0
DA:115,45
DA:116,45
DA:129,45
DA:145,15
FN:145,MarketFactory.resolveMarket
FNDA:15,MarketFactory.resolveMarket
DA:149,15
DA:152,15
BRDA:152,6,0,-
DA:155,1
BRDA:155,7,0,1
DA:158,14
BRDA:158,8,0,1
DA:159,1
DA:163,13
BRDA:163,9,0,1
DA:164,1
DA:168,12
DA:174,11
BRDA:174,10,0,1
DA:177,10
BRDA:177,11,0,1
DA:178,1
DA:182,9
DA:183,9
DA:185,9
DA:193,8
FN:193,MarketFactory.pauseMarket
FNDA:8,MarketFactory.pauseMarket
DA:197,8
DA:198,8
BRDA:198,12,0,1
DA:200,7
DA:201,7
DA:209,3
FN:209,MarketFactory.updateFee
FNDA:3,MarketFactory.updateFee
DA:213,3
DA:214,3
BRDA:214,13,0,-
DA:215,1
BRDA:215,14,0,1
DA:217,2
BRDA:217,15,0,1
DA:218,1
DA:221,1
DA:222,1
DA:230,72
FN:230,MarketFactory.getMarket
FNDA:72,MarketFactory.getMarket
DA:231,72
DA:232,72
BRDA:232,16,0,2
DA:233,70
DA:241,9
FN:241,MarketFactory.isMarketActive
FNDA:9,MarketFactory.isMarketActive
DA:242,9
DA:243,9
DA:244,8
DA:245,8
DA:246,6
DA:253,2
FN:253,MarketFactory.updateOracleAdapter
FNDA:2,MarketFactory.updateOracleAdapter
DA:257,2
BRDA:257,17,0,1
DA:258,1
DA:265,1
FN:265,MarketFactory._authorizeUpgrade
FNDA:1,MarketFactory._authorizeUpgrade
FNF:10
FNH:10
LF:72
LH:65
BRF:18
BRH:13
end_of_record
TN:
SF:contracts/clob/core/OracleAdapter.sol
DA:44,69
FN:44,OracleAdapter.constructor
FNDA:69,OracleAdapter.constructor
DA:45,0
DA:54,67
FN:54,OracleAdapter.initialize
FNDA:67,OracleAdapter.initialize
DA:59,67
BRDA:59,0,0,1
DA:60,1
DA:63,0
DA:64,0
DA:66,66
DA:67,66
DA:68,66
DA:70,66
DA:71,66
DA:73,66
DA:92,1018
FN:92,OracleAdapter.verifyResolution
FNDA:1018,OracleAdapter.verifyResolution
DA:99,1018
BRDA:99,1,0,2
DA:100,2
DA:104,1016
DA:113,1016
DA:118,1016
DA:120,1016
DA:127,3
FN:127,OracleAdapter.updateOracle
FNDA:3,OracleAdapter.updateOracle
DA:128,2
BRDA:128,2,0,1
DA:129,1
DA:130,1
DA:137,2
FN:137,OracleAdapter.updateMaxDataAge
FNDA:2,OracleAdapter.updateMaxDataAge
DA:138,1
DA:145,1
FN:145,OracleAdapter.getStorkOracle
FNDA:1,OracleAdapter.getStorkOracle
DA:146,1
DA:153,1022
FN:153,OracleAdapter.domainSeparator
FNDA:1022,OracleAdapter.domainSeparator
DA:154,1022
DA:161,2
FN:161,OracleAdapter._authorizeUpgrade
FNDA:2,OracleAdapter._authorizeUpgrade
FNF:8
FNH:8
LF:31
LH:28
BRF:3
BRH:3
end_of_record
TN:
SF:contracts/clob/core/OrderBook.sol
DA:52,35
FN:52,OrderBook.constructor
FNDA:35,OrderBook.constructor
DA:53,0
DA:61,34
FN:61,OrderBook.initialize
FNDA:34,OrderBook.initialize
DA:65,34
BRDA:65,0,0,-
DA:66,0
DA:69,0
DA:70,0
DA:71,0
DA:73,34
DA:74,34
DA:75,34
DA:77,34
DA:78,34
DA:80,34
DA:96,34
FN:96,OrderBook.placeOrder
FNDA:34,OrderBook.placeOrder
DA:102,34
DA:103,1
BRDA:103,1,0,1
DA:104,1
BRDA:104,2,0,1
DA:105,32
BRDA:105,3,0,1
DA:108,31
BRDA:108,4,0,1
DA:109,30
BRDA:109,5,0,2
DA:110,2
DA:112,28
BRDA:112,6,0,1
DA:115,27
BRDA:115,7,0,1
DA:116,1
DA:120,26
DA:123,25
DA:125,25
DA:139,25
DA:141,25
DA:155,5
FN:155,OrderBook.cancelOrder
FNDA:5,OrderBook.cancelOrder
DA:156,5
DA:158,5
BRDA:158,8,0,-
DA:159,5
BRDA:159,9,0,1
DA:160,1
DA:162,4
BRDA:162,10,0,1
DA:165,3
DA:167,3
DA:175,13
FN:175,OrderBook.updateOrderFill
FNDA:13,OrderBook.updateOrderFill
DA:179,13
DA:181,13
BRDA:181,11,0,-
DA:182,13
BRDA:182,12,0,1
DA:183,1
DA:186,12
DA:188,12
DA:195,26
FN:195,OrderBook._verifyOrderSignature
FNDA:26,OrderBook._verifyOrderSignature
DA:196,26
DA:210,26
DA:214,26
DA:216,26
BRDA:216,13,0,1
DA:224,17
FN:224,OrderBook.getOrder
FNDA:17,OrderBook.getOrder
DA:225,17
DA:226,17
BRDA:226,14,0,1
DA:227,16
DA:235,12
FN:235,OrderBook.getUserNonce
FNDA:12,OrderBook.getUserNonce
DA:236,12
DA:244,8
FN:244,OrderBook.isOrderFillable
FNDA:8,OrderBook.isOrderFillable
DA:245,8
DA:247,8
DA:248,8
DA:249,6
DA:251,4
DA:252,4
BRDA:252,18,0,1
DA:253,1
DA:256,3
DA:263,36
FN:263,OrderBook.domainSeparator
FNDA:36,OrderBook.domainSeparator
DA:264,36
DA:271,1
FN:271,OrderBook._authorizeUpgrade
FNDA:1,OrderBook._authorizeUpgrade
FNF:11
FNH:11
LF:68
LH:63
BRF:16
BRH:13
end_of_record
TN:
SF:contracts/clob/core/Settlement.sol
DA:52,27
FN:52,Settlement.constructor
FNDA:27,Settlement.constructor
DA:53,0
DA:65,26
FN:65,Settlement.initialize
FNDA:26,Settlement.initialize
DA:73,26
DA:74,26
DA:75,26
BRDA:75,0,0,-
DA:76,0
DA:79,0
DA:80,0
DA:81,0
DA:83,26
DA:84,26
DA:85,26
DA:87,26
DA:88,26
DA:89,26
DA:90,26
DA:91,26
DA:98,16
FN:98,Settlement.settleTrade
FNDA:16,Settlement.settleTrade
DA:103,16
DA:110,1
FN:110,Settlement.settleMultipleTrades
FNDA:1,Settlement.settleMultipleTrades
DA:115,1
DA:116,2
DA:124,18
FN:124,Settlement._settleTrade
FNDA:18,Settlement._settleTrade
DA:126,18
DA:127,1
BRDA:127,1,0,1
DA:128,1
BRDA:128,2,0,1
DA:129,15
BRDA:129,3,0,2
DA:132,13
DA:133,13
BRDA:133,4,0,1
DA:134,12
BRDA:134,5,0,-
DA:135,0
DA:137,12
BRDA:137,6,0,1
DA:138,1
DA:144,11
DA:145,11
DA:147,11
BRDA:147,7,0,10
BRDA:147,7,1,1
DA:149,10
DA:150,10
DA:153,1
DA:154,1
DA:158,11
DA:159,11
DA:162,11
DA:163,10
DA:164,11
DA:167,11
BRDA:167,8,0,10
BRDA:167,8,1,-
DA:168,10
DA:169,10
DA:171,1
DA:172,1
DA:176,11
DA:178,11
DA:195,7
FN:195,Settlement.claimWinnings
FNDA:7,Settlement.claimWinnings
DA:200,7
DA:202,7
BRDA:202,9,0,1
DA:203,6
BRDA:203,10,0,-
DA:204,0
DA:207,4
DA:208,6
DA:211,6
BRDA:211,11,0,4
BRDA:211,11,1,1
DA:212,4
DA:213,4
BRDA:213,12,0,3
DA:214,3
DA:216,2
BRDA:216,13,0,1
BRDA:216,13,1,1
DA:217,1
DA:218,1
BRDA:218,14,0,1
DA:219,1
DA:221,1
BRDA:221,15,0,1
DA:223,1
DA:224,1
BRDA:224,16,0,1
DA:225,1
DA:226,1
DA:227,1
DA:231,5
DA:234,0
DA:237,4
DA:240,4
DA:243,4
DA:246,4
DA:254,2
FN:254,Settlement.depositCollateral
FNDA:2,Settlement.depositCollateral
DA:258,2
BRDA:258,18,0,1
DA:260,1
DA:261,1
DA:269,4
FN:269,Settlement.withdrawCollateral
FNDA:4,Settlement.withdrawCollateral
DA:273,4
BRDA:273,19,0,1
DA:275,3
DA:276,3
BRDA:276,20,0,1
DA:277,1
DA:280,2
DA:281,2
DA:290,5
FN:290,Settlement.getPosition
FNDA:5,Settlement.getPosition
DA:295,5
DA:296,5
DA:297,5
DA:304,1
FN:304,Settlement._authorizeUpgrade
FNDA:1,Settlement._authorizeUpgrade
FNF:10
FNH:10
LF:96
LH:88
BRF:24
BRH:20
end_of_record
TN:
SF:contracts/clob/tokens/YesNoToken.sol
DA:27,51
FN:27,YesNoToken.constructor
FNDA:51,YesNoToken.constructor
DA:28,0
DA:36,49
FN:36,YesNoToken.initialize
FNDA:49,YesNoToken.initialize
DA:37,49
BRDA:37,0,0,-
DA:39,49
DA:40,0
DA:41,0
DA:43,49
DA:44,49
DA:45,49
DA:55,2036
FN:55,YesNoToken.mint
FNDA:2036,YesNoToken.mint
DA:61,2035
BRDA:61,1,0,1
DA:62,2034
BRDA:62,2,0,1
DA:64,2033
DA:65,2033
DA:75,1010
FN:75,YesNoToken.burn
FNDA:1010,YesNoToken.burn
DA:81,1009
BRDA:81,3,0,1
DA:82,1008
BRDA:82,4,0,1
DA:84,1007
DA:85,1007
DA:86,1007
BRDA:86,5,0,1
DA:87,1
DA:90,1006
DA:99,5083
FN:99,YesNoToken.getTokenId
FNDA:5083,YesNoToken.getTokenId
DA:100,5083
DA:111,993
FN:111,YesNoToken.balanceOfYes
FNDA:993,YesNoToken.balanceOfYes
DA:112,993
DA:121,1041
FN:121,YesNoToken.balanceOfNo
FNDA:1041,YesNoToken.balanceOfNo
DA:122,1041
DA:129,2
FN:129,YesNoToken.setURI
FNDA:2,YesNoToken.setURI
DA:130,1
DA:137,2
FN:137,YesNoToken._authorizeUpgrade
FNDA:2,YesNoToken._authorizeUpgrade
DA:148,2
FN:148,YesNoToken.supportsInterface
FNDA:2,YesNoToken.supportsInterface
DA:154,2
FNF:10
FNH:10
LF:34
LH:31
BRF:6
BRH:5
end_of_record
TN:
SF:contracts/config/PauseGuardian.sol
DA:57,5
FN:57,PauseGuardian.constructor
FNDA:5,PauseGuardian.constructor
DA:58,0
DA:65,5
FN:65,PauseGuardian.initialize
FNDA:5,PauseGuardian.initialize
DA:66,5
BRDA:66,0,0,-
DA:68,0
DA:69,0
DA:71,5
DA:73,5
DA:74,5
DA:75,5
DA:78,5
DA:79,5
DA:87,2
FN:87,PauseGuardian.setGlobalPause
FNDA:2,PauseGuardian.setGlobalPause
DA:88,2
BRDA:88,1,0,-
DA:90,2
DA:91,2
DA:93,2
DA:94,2
DA:95,2
DA:97,2
DA:100,2
BRDA:100,2,0,2
DA:101,2
BRDA:101,3,0,2
DA:115,3
FN:115,PauseGuardian.setChainPause
FNDA:3,PauseGuardian.setChainPause
DA:116,3
BRDA:116,4,0,1
DA:117,2
BRDA:117,5,0,1
DA:119,1
DA:120,1
DA:122,1
DA:123,1
DA:124,1
DA:126,1
DA:129,1
BRDA:129,6,0,1
DA:130,1
BRDA:130,7,0,1
DA:144,3
FN:144,PauseGuardian.setContractPause
FNDA:3,PauseGuardian.setContractPause
DA:145,3
BRDA:145,8,0,1
DA:146,2
BRDA:146,9,0,1
DA:148,1
DA:149,1
DA:151,1
DA:152,1
DA:153,1
DA:155,1
DA:162,1
FN:162,PauseGuardian.activateEmergencyPause
FNDA:1,PauseGuardian.activateEmergencyPause
DA:163,1
BRDA:163,10,0,-
DA:165,1
DA:166,1
DA:168,1
DA:169,1
DA:170,1
DA:172,1
DA:173,1
DA:185,11
FN:185,PauseGuardian.configureGuardian
FNDA:11,PauseGuardian.configureGuardian
DA:190,11
DA:199,11
FN:199,PauseGuardian._configureGuardian
FNDA:11,PauseGuardian._configureGuardian
DA:204,11
BRDA:204,11,0,1
DA:206,10
DA:207,10
DA:210,10
BRDA:210,12,0,10
BRDA:210,12,1,1
DA:211,10
BRDA:211,13,0,9
DA:212,9
DA:214,10
BRDA:214,14,0,1
DA:215,1
DA:218,0
DA:219,0
DA:222,10
DA:231,1
FN:231,PauseGuardian.batchConfigureGuardians
FNDA:1,PauseGuardian.batchConfigureGuardians
DA:236,1
BRDA:236,15,0,1
DA:237,1
DA:240,0
DA:241,0
DA:249,2
FN:249,PauseGuardian.expirePause
FNDA:2,PauseGuardian.expirePause
DA:250,2
BRDA:250,16,0,1
DA:254,1
DA:258,2
FN:258,PauseGuardian.isPaused
FNDA:2,PauseGuardian.isPaused
DA:259,2
DA:262,1
FN:262,PauseGuardian.isChainPaused
FNDA:1,PauseGuardian.isChainPaused
DA:263,1
DA:266,1
FN:266,PauseGuardian.isContractPaused
FNDA:1,PauseGuardian.isContractPaused
DA:267,1
DA:270,2
FN:270,PauseGuardian.canPause
FNDA:2,PauseGuardian.canPause
DA:271,2
DA:272,2
DA:275,1
FN:275,PauseGuardian.getGuardianPowers
FNDA:1,PauseGuardian.getGuardianPowers
DA:276,1
DA:279,1
FN:279,PauseGuardian.isAuthorizedGuardian
FNDA:1,PauseGuardian.isAuthorizedGuardian
DA:280,1
DA:283,1
FN:283,PauseGuardian.getPauseInfo
FNDA:1,PauseGuardian.getPauseInfo
DA:288,1
DA:292,2
FN:292,PauseGuardian._canPauseGlobal
FNDA:2,PauseGuardian._canPauseGlobal
DA:293,2
DA:296,3
FN:296,PauseGuardian._canPauseChain
FNDA:3,PauseGuardian._canPauseChain
DA:297,3
DA:300,3
FN:300,PauseGuardian._canPauseContract
FNDA:3,PauseGuardian._canPauseContract
DA:301,3
DA:304,1
FN:304,PauseGuardian._canEmergencyPause
FNDA:1,PauseGuardian._canEmergencyPause
DA:305,1
DA:308,0
FN:308,PauseGuardian._authorizeUpgrade
FNDA:0,PauseGuardian._authorizeUpgrade
FNF:22
FNH:21
LF:97
LH:89
BRF:18
BRH:15
end_of_record
TN:
SF:contracts/config/ProtocolConfig.sol
DA:56,7
FN:56,ProtocolConfig.constructor
FNDA:7,ProtocolConfig.constructor
DA:57,0
DA:64,7
FN:64,ProtocolConfig.initialize
FNDA:7,ProtocolConfig.initialize
DA:67,0
DA:68,0
DA:69,0
DA:71,7
DA:72,7
DA:73,7
DA:75,7
DA:76,7
DA:83,3
FN:83,ProtocolConfig.updateProtocolParams
FNDA:3,ProtocolConfig.updateProtocolParams
DA:86,3
BRDA:86,0,0,1
DA:87,2
BRDA:87,1,0,1
DA:88,1
BRDA:88,2,0,1
DA:90,0
DA:91,0
DA:93,0
DA:101,7
FN:101,ProtocolConfig.setChainConfig
FNDA:7,ProtocolConfig.setChainConfig
DA:105,7
BRDA:105,3,0,-
DA:106,7
BRDA:106,4,0,2
DA:108,5
DA:109,5
DA:110,5
DA:112,5
DA:120,5
FN:120,ProtocolConfig.setVenueConfig
FNDA:5,ProtocolConfig.setVenueConfig
DA:124,5
BRDA:124,5,0,-
DA:125,5
BRDA:125,6,0,1
DA:127,4
DA:128,4
DA:130,4
DA:139,3
FN:139,ProtocolConfig.setTokenConfig
FNDA:3,ProtocolConfig.setTokenConfig
DA:144,3
BRDA:144,7,0,1
DA:146,2
DA:147,2
DA:149,2
DA:157,3
FN:157,ProtocolConfig.setChainEmergencyPause
FNDA:3,ProtocolConfig.setChainEmergencyPause
DA:161,3
DA:162,3
DA:169,2
FN:169,ProtocolConfig.setGlobalEmergencyPause
FNDA:2,ProtocolConfig.setGlobalEmergencyPause
DA:170,2
DA:171,2
DA:179,3
FN:179,ProtocolConfig.setChainEnabled
FNDA:3,ProtocolConfig.setChainEnabled
DA:180,3
DA:181,3
BRDA:181,8,0,2
DA:182,2
DA:183,2
DA:184,2
DA:193,3
FN:193,ProtocolConfig.setVenueEnabled
FNDA:3,ProtocolConfig.setVenueEnabled
DA:194,3
DA:195,3
BRDA:195,9,0,1
DA:196,1
DA:197,1
DA:202,1
FN:202,ProtocolConfig.getProtocolParams
FNDA:1,ProtocolConfig.getProtocolParams
DA:203,1
DA:206,1
FN:206,ProtocolConfig.getChainConfig
FNDA:1,ProtocolConfig.getChainConfig
DA:207,1
DA:210,1
FN:210,ProtocolConfig.getVenueConfig
FNDA:1,ProtocolConfig.getVenueConfig
DA:211,1
DA:214,7
FN:214,ProtocolConfig.isChainSupported
FNDA:7,ProtocolConfig.isChainSupported
DA:215,7
DA:218,6
FN:218,ProtocolConfig.isVenueEnabled
FNDA:6,ProtocolConfig.isVenueEnabled
DA:219,6
DA:222,2
FN:222,ProtocolConfig.isTokenSupported
FNDA:2,ProtocolConfig.isTokenSupported
DA:223,2
DA:226,1
FN:226,ProtocolConfig.getTokenMinAmount
FNDA:1,ProtocolConfig.getTokenMinAmount
DA:227,1
DA:230,2
FN:230,ProtocolConfig.isOperational
FNDA:2,ProtocolConfig.isOperational
DA:231,2
DA:232,2
DA:233,2
DA:234,1
DA:242,1
FN:242,ProtocolConfig.getConfigHash
FNDA:1,ProtocolConfig.getConfigHash
DA:243,1
DA:257,1
FN:257,ProtocolConfig.getChainConfigs
FNDA:1,ProtocolConfig.getChainConfigs
DA:260,1
DA:261,1
DA:262,2
DA:271,1
FN:271,ProtocolConfig.getVenueConfigs
FNDA:1,ProtocolConfig.getVenueConfigs
DA:274,1
DA:275,1
DA:276,2
DA:281,2
FN:281,ProtocolConfig.pause
FNDA:2,ProtocolConfig.pause
DA:282,0
DA:285,1
FN:285,ProtocolConfig.unpause
FNDA:1,ProtocolConfig.unpause
DA:286,0
DA:290,0
FN:290,ProtocolConfig._authorizeUpgrade
FNDA:0,ProtocolConfig._authorizeUpgrade
FNF:24
FNH:23
LF:87
LH:77
BRF:10
BRH:8
end_of_record
TN:
SF:contracts/config/TreasurySplitter.sol
DA:67,6
FN:67,TreasurySplitter.constructor
FNDA:6,TreasurySplitter.constructor
DA:68,0
DA:76,6
FN:76,TreasurySplitter.initialize
FNDA:6,TreasurySplitter.initialize
DA:77,6
BRDA:77,0,0,-
DA:79,0
DA:80,0
DA:81,0
DA:83,6
DA:84,6
DA:85,6
DA:87,6
DA:88,6
DA:96,2
FN:96,TreasurySplitter.receiveFees
FNDA:2,TreasurySplitter.receiveFees
DA:97,2
BRDA:97,1,0,-
DA:100,2
DA:102,2
DA:104,2
DA:107,2
BRDA:107,2,0,2
DA:108,2
DA:117,2
FN:117,TreasurySplitter.distributeFees
FNDA:2,TreasurySplitter.distributeFees
DA:118,2
DA:126,0
FN:126,TreasurySplitter.batchDistributeFees
FNDA:0,TreasurySplitter.batchDistributeFees
DA:129,0
DA:131,0
DA:132,0
DA:144,5
FN:144,TreasurySplitter.configureTokenRecipient
FNDA:5,TreasurySplitter.configureTokenRecipient
DA:151,5
BRDA:151,3,0,-
DA:152,5
BRDA:152,4,0,-
DA:154,5
DA:157,5
DA:158,5
DA:159,2
BRDA:159,5,0,1
DA:161,1
DA:162,1
DA:163,1
DA:164,1
DA:165,0
DA:166,1
DA:170,1
BRDA:170,6,0,4
DA:172,4
BRDA:172,7,0,-
DA:173,4
DA:179,4
DA:182,5
BRDA:182,8,0,-
DA:184,5
DA:186,5
DA:196,29
FN:196,TreasurySplitter.configureDefaultRecipient
FNDA:29,TreasurySplitter.configureDefaultRecipient
DA:202,29
BRDA:202,9,0,-
DA:203,29
BRDA:203,10,0,1
DA:206,0
DA:207,28
DA:208,215
BRDA:208,11,0,1
DA:210,1
DA:211,1
DA:212,1
DA:213,1
DA:214,1
DA:215,0
DA:219,1
BRDA:219,12,0,27
DA:221,27
BRDA:221,13,0,1
DA:222,26
DA:228,26
DA:231,27
BRDA:231,14,0,-
DA:233,27
DA:241,3
FN:241,TreasurySplitter.updateDistributionSettings
FNDA:3,TreasurySplitter.updateDistributionSettings
DA:245,3
DA:246,3
DA:248,3
DA:257,3
FN:257,TreasurySplitter.emergencyWithdraw
FNDA:3,TreasurySplitter.emergencyWithdraw
DA:262,3
BRDA:262,15,0,1
DA:263,2
BRDA:263,16,0,1
DA:265,1
DA:267,1
DA:271,1
FN:271,TreasurySplitter.getTokenRecipients
FNDA:1,TreasurySplitter.getTokenRecipients
DA:272,1
DA:275,2
FN:275,TreasurySplitter.getDefaultRecipients
FNDA:2,TreasurySplitter.getDefaultRecipients
DA:276,2
DA:279,1
FN:279,TreasurySplitter.getDistributableAmount
FNDA:1,TreasurySplitter.getDistributableAmount
DA:280,1
DA:283,2
FN:283,TreasurySplitter.getRecipientShare
FNDA:2,TreasurySplitter.getRecipientShare
DA:284,2
DA:287,1
FN:287,TreasurySplitter.getTotalBasisPoints
FNDA:1,TreasurySplitter.getTotalBasisPoints
DA:288,1
DA:291,3
FN:291,TreasurySplitter.canDistribute
FNDA:3,TreasurySplitter.canDistribute
DA:292,3
DA:293,3
DA:298,4
FN:298,TreasurySplitter._distributeFees
FNDA:4,TreasurySplitter._distributeFees
DA:299,4
DA:300,4
DA:302,4
DA:303,4
DA:306,4
BRDA:306,18,0,1
BRDA:306,18,1,1
DA:307,1
DA:308,1
DA:309,3
BRDA:309,19,0,2
BRDA:309,19,1,1
DA:310,2
DA:311,2
DA:313,1
DA:316,3
DA:317,3
DA:319,3
DA:320,7
BRDA:320,20,0,7
DA:321,7
DA:322,7
BRDA:322,21,0,7
DA:323,7
DA:324,7
DA:325,7
DA:326,7
DA:331,3
BRDA:331,22,0,3
DA:332,3
DA:333,3
DA:336,3
DA:339,0
FN:339,TreasurySplitter._authorizeUpgrade
FNDA:0,TreasurySplitter._authorizeUpgrade
FNF:17
FNH:15
LF:112
LH:100
BRF:24
BRH:16
end_of_record
TN:
SF:contracts/escrow/StagingEscrowVault.sol
DA:74,79
FN:74,StagingEscrowVault.constructor
FNDA:79,StagingEscrowVault.constructor
DA:75,0
DA:78,77
FN:78,StagingEscrowVault.initialize
FNDA:77,StagingEscrowVault.initialize
DA:79,77
BRDA:79,0,0,-
BRDA:79,0,1,-
DA:80,0
DA:81,0
DA:82,0
DA:83,0
DA:85,76
DA:86,77
DA:94,55
FN:94,StagingEscrowVault.deposit
FNDA:55,StagingEscrowVault.deposit
DA:95,55
BRDA:95,1,0,-
BRDA:95,1,1,-
DA:96,55
BRDA:96,2,0,-
BRDA:96,2,1,-
DA:97,55
DA:98,55
DA:99,55
DA:110,2
FN:110,StagingEscrowVault.withdraw
FNDA:2,StagingEscrowVault.withdraw
DA:111,2
BRDA:111,3,0,2
BRDA:111,3,1,2
DA:112,2
BRDA:112,4,0,-
BRDA:112,4,1,-
DA:113,2
DA:114,2
BRDA:114,5,0,-
BRDA:114,5,1,-
DA:115,2
DA:116,2
DA:117,2
DA:123,2
FN:123,StagingEscrowVault.depositWithPermit
FNDA:2,StagingEscrowVault.depositWithPermit
DA:131,2
BRDA:131,6,0,-
BRDA:131,6,1,-
DA:132,2
BRDA:132,7,0,-
BRDA:132,7,1,-
DA:133,2
DA:134,1
DA:135,1
DA:136,1
DA:151,56
FN:151,StagingEscrowVault.reserve
FNDA:56,StagingEscrowVault.reserve
DA:161,55
BRDA:161,8,0,-
BRDA:161,8,1,-
DA:162,54
BRDA:162,9,0,-
BRDA:162,9,1,-
DA:163,53
BRDA:163,10,0,-
BRDA:163,10,1,-
DA:164,51
BRDA:164,11,0,-
BRDA:164,11,1,-
DA:165,55
BRDA:165,12,0,51
BRDA:165,12,1,49
DA:166,48
BRDA:166,13,0,-
BRDA:166,13,1,-
DA:167,47
BRDA:167,14,0,-
BRDA:167,14,1,-
DA:168,46
BRDA:168,15,0,-
BRDA:168,15,1,-
DA:171,45
DA:172,45
DA:173,45
DA:176,45
DA:190,45
DA:191,45
DA:195,15
FN:195,StagingEscrowVault.releaseForOrder
FNDA:15,StagingEscrowVault.releaseForOrder
DA:196,15
DA:199,18
FN:199,StagingEscrowVault._releaseForOrder
FNDA:18,StagingEscrowVault._releaseForOrder
DA:200,18
DA:201,18
BRDA:201,16,0,-
BRDA:201,16,1,-
DA:202,17
BRDA:202,17,0,-
BRDA:202,17,1,-
DA:203,17
BRDA:203,18,0,-
BRDA:203,18,1,-
DA:204,15
BRDA:204,19,0,15
BRDA:204,19,1,3
DA:207,14
BRDA:207,20,0,-
BRDA:207,20,1,-
DA:208,13
BRDA:208,21,0,-
BRDA:208,21,1,-
DA:209,12
DA:212,12
BRDA:212,22,0,-
BRDA:212,22,1,-
DA:213,12
DA:214,12
DA:217,0
BRDA:217,23,0,11
DA:218,12
BRDA:218,24,0,11
DA:221,12
BRDA:221,25,0,5
DA:222,5
DA:223,5
DA:226,12
DA:228,12
DA:238,8
FN:238,StagingEscrowVault.release
FNDA:8,StagingEscrowVault.release
DA:244,7
BRDA:244,26,0,7
BRDA:244,26,1,7
DA:245,7
BRDA:245,27,0,-
BRDA:245,27,1,-
DA:246,6
BRDA:246,28,0,-
BRDA:246,28,1,-
DA:247,6
BRDA:247,29,0,-
BRDA:247,29,1,-
DA:249,6
DA:250,6
DA:251,7
DA:253,6
BRDA:253,30,0,4
DA:254,4
DA:257,7
DA:268,11
FN:268,StagingEscrowVault.settleDebit
FNDA:11,StagingEscrowVault.settleDebit
DA:275,10
DA:278,12
FN:278,StagingEscrowVault._settleDebit
FNDA:12,StagingEscrowVault._settleDebit
DA:285,12
BRDA:285,31,0,12
BRDA:285,31,1,12
DA:286,12
BRDA:286,32,0,-
BRDA:286,32,1,-
DA:287,12
BRDA:287,33,0,-
BRDA:287,33,1,-
DA:288,9
BRDA:288,34,0,-
BRDA:288,34,1,-
DA:289,9
BRDA:289,35,0,-
BRDA:289,35,1,-
DA:291,9
DA:292,9
DA:293,12
DA:295,12
BRDA:295,36,0,2
DA:296,2
DA:299,12
DA:305,4
FN:305,StagingEscrowVault.settleFeeTo
FNDA:4,StagingEscrowVault.settleFeeTo
DA:306,4
BRDA:306,37,0,-
BRDA:306,37,1,-
DA:307,3
DA:308,3
BRDA:308,38,0,-
BRDA:308,38,1,-
DA:309,3
BRDA:309,39,0,-
BRDA:309,39,1,-
DA:310,3
BRDA:310,40,0,-
BRDA:310,40,1,-
DA:311,3
BRDA:311,41,0,-
BRDA:311,41,1,-
DA:313,3
BRDA:313,42,0,-
BRDA:313,42,1,-
DA:314,2
DA:316,2
DA:317,2
DA:318,2
DA:324,2
FN:324,StagingEscrowVault.batchSettleDebit
FNDA:2,StagingEscrowVault.batchSettleDebit
DA:331,2
DA:332,2
BRDA:332,43,0,2
BRDA:332,43,1,1
DA:333,1
DA:334,2
DA:341,3
FN:341,StagingEscrowVault.batchReleaseForOrder
FNDA:3,StagingEscrowVault.batchReleaseForOrder
DA:346,3
DA:347,3
BRDA:347,44,0,3
BRDA:347,44,1,3
DA:348,2
DA:349,3
DA:354,7
FN:354,StagingEscrowVault.cancel
FNDA:7,StagingEscrowVault.cancel
DA:355,7
DA:356,7
BRDA:356,45,0,-
BRDA:356,45,1,-
DA:357,5
BRDA:357,46,0,-
BRDA:357,46,1,-
DA:358,5
BRDA:358,47,0,-
BRDA:358,47,1,-
DA:360,4
DA:361,4
DA:364,4
BRDA:364,48,0,4
DA:366,4
BRDA:366,49,0,3
DA:367,3
DA:368,3
DA:369,3
DA:375,4
DA:376,4
DA:378,7
DA:379,4
DA:382,1
FN:382,StagingEscrowVault.getReservation
FNDA:1,StagingEscrowVault.getReservation
DA:383,1
DA:389,23
FN:389,StagingEscrowVault.balances
FNDA:23,StagingEscrowVault.balances
DA:390,23
DA:391,23
DA:397,18
FN:397,StagingEscrowVault.getOrderReserved
FNDA:18,StagingEscrowVault.getOrderReserved
DA:398,18
DA:401,5
FN:401,StagingEscrowVault.pause
FNDA:5,StagingEscrowVault.pause
DA:402,4
FN:402,StagingEscrowVault.unpause
FNDA:4,StagingEscrowVault.unpause
DA:404,2
FN:404,StagingEscrowVault._authorizeUpgrade
FNDA:2,StagingEscrowVault._authorizeUpgrade
FNF:21
FNH:21
LF:140
LH:134
BRF:93
BRH:21
end_of_record
TN:
SF:contracts/escrow/StagingEscrowVaultV2.sol
DA:10,1
FN:10,StagingEscrowVaultV2.setAdded
FNDA:1,StagingEscrowVaultV2.setAdded
DA:11,1
FNF:1
FNH:1
LF:2
LH:2
BRF:0
BRH:0
end_of_record
TN:
SF:contracts/interop/CCTPAdapter.sol
DA:52,17
FN:52,CCTPAdapter.constructor
FNDA:17,CCTPAdapter.constructor
DA:58,17
DA:59,17
DA:60,17
DA:61,17
DA:74,21
FN:74,CCTPAdapter.bridgeUSDC
FNDA:21,CCTPAdapter.bridgeUSDC
DA:80,21
BRDA:80,0,0,1
DA:81,20
BRDA:81,1,0,1
DA:82,19
BRDA:82,2,0,1
DA:85,18
DA:88,17
DA:91,18
DA:94,18
DA:104,17
BRDA:104,3,0,-
BRDA:104,3,1,-
DA:107,18
DA:110,17
DA:120,18
DA:128,0
DA:136,3
FN:136,CCTPAdapter.estimateBridgeFee
FNDA:3,CCTPAdapter.estimateBridgeFee
DA:141,3
DA:151,7
FN:151,CCTPAdapter.receiveMessage
FNDA:7,CCTPAdapter.receiveMessage
DA:156,7
DA:164,7
BRDA:164,4,0,-
BRDA:164,4,1,-
DA:167,7
DA:169,5
FNF:4
FNH:4
LF:25
LH:24
BRF:7
BRH:3
end_of_record
TN:
SF:contracts/interop/SettlementAttestationAdapter.sol
DA:29,26
FN:29,SettlementAttestationAdapter.constructor
FNDA:26,SettlementAttestationAdapter.constructor
DA:30,0
DA:33,24
FN:33,SettlementAttestationAdapter.initialize
FNDA:24,SettlementAttestationAdapter.initialize
DA:34,24
BRDA:34,0,0,24
BRDA:34,0,1,22
DA:35,0
DA:36,0
DA:37,0
DA:39,24
DA:40,24
DA:41,21
DA:42,24
DA:45,4
FN:45,SettlementAttestationAdapter.setAuthority
FNDA:4,SettlementAttestationAdapter.setAuthority
DA:46,3
BRDA:46,1,0,-
BRDA:46,1,1,-
DA:47,2
DA:48,3
DA:51,4
FN:51,SettlementAttestationAdapter.setAllowedCaller
FNDA:4,SettlementAttestationAdapter.setAllowedCaller
DA:52,3
BRDA:52,2,0,-
BRDA:52,2,1,-
DA:53,1
BRDA:53,3,0,1
BRDA:53,3,1,1
DA:54,1
DA:56,1
DA:60,9
FN:60,SettlementAttestationAdapter.receiveAttestation
FNDA:9,SettlementAttestationAdapter.receiveAttestation
DA:63,7
DA:64,7
DA:67,4
FN:67,SettlementAttestationAdapter.pause
FNDA:4,SettlementAttestationAdapter.pause
DA:68,2
FN:68,SettlementAttestationAdapter.unpause
FNDA:2,SettlementAttestationAdapter.unpause
DA:70,2
FN:70,SettlementAttestationAdapter._authorizeUpgrade
FNDA:2,SettlementAttestationAdapter._authorizeUpgrade
FNF:8
FNH:8
LF:26
LH:22
BRF:8
BRH:4
end_of_record
TN:
SF:contracts/interop/SettlementAuthority.sol
DA:78,94
FN:78,SettlementAuthority.constructor
FNDA:94,SettlementAuthority.constructor
DA:80,75
FN:80,SettlementAuthority.initialize
FNDA:75,SettlementAuthority.initialize
DA:81,75
BRDA:81,0,0,75
BRDA:81,0,1,74
DA:82,0
DA:83,0
DA:84,0
DA:85,73
DA:86,75
DA:87,73
DA:88,75
DA:91,4
FN:91,SettlementAuthority.setVault
FNDA:4,SettlementAuthority.setVault
DA:92,3
BRDA:92,1,0,-
BRDA:92,1,1,-
DA:93,2
DA:94,3
DA:98,14
FN:98,SettlementAuthority.settleFromMessenger
FNDA:14,SettlementAuthority.settleFromMessenger
DA:99,13
DA:100,6
DA:114,22
FN:114,SettlementAuthority.reserveFromIntent
FNDA:22,SettlementAuthority.reserveFromIntent
DA:116,22
BRDA:116,2,0,-
BRDA:116,2,1,-
DA:118,19
DA:119,19
BRDA:119,3,0,-
BRDA:119,3,1,-
DA:121,17
DA:137,17
BRDA:137,4,0,-
BRDA:137,4,1,-
DA:138,17
DA:139,17
BRDA:139,5,0,-
BRDA:139,5,1,-
DA:141,14
DA:142,14
BRDA:142,6,0,-
BRDA:142,6,1,-
DA:145,10
BRDA:145,7,0,10
DA:156,8
DA:157,8
DA:158,8
DA:159,2
BRDA:159,7,1,2
DA:160,2
DA:161,2
BRDA:161,8,0,2
DA:162,0
DA:164,2
DA:166,2
DA:167,2
DA:176,9
FN:176,SettlementAuthority.reserveFromIntentUnordered
FNDA:9,SettlementAuthority.reserveFromIntentUnordered
DA:177,9
BRDA:177,9,0,-
BRDA:177,9,1,-
DA:178,9
DA:194,9
BRDA:194,10,0,-
BRDA:194,10,1,-
DA:195,7
DA:196,7
BRDA:196,11,0,-
BRDA:196,11,1,-
DA:197,7
DA:198,7
BRDA:198,12,0,-
BRDA:198,12,1,-
DA:199,7
BRDA:199,13,0,7
DA:209,7
DA:210,7
DA:211,0
BRDA:211,13,1,-
DA:212,0
DA:213,0
BRDA:213,14,0,-
DA:214,0
DA:216,0
DA:217,0
DA:218,0
DA:246,7
FN:246,SettlementAuthority.cancelFromIntent
FNDA:7,SettlementAuthority.cancelFromIntent
DA:247,7
BRDA:247,15,0,-
BRDA:247,15,1,-
DA:248,7
DA:260,7
BRDA:260,16,0,-
BRDA:260,16,1,-
DA:261,7
DA:262,7
BRDA:262,17,0,-
BRDA:262,17,1,-
DA:264,7
DA:265,7
BRDA:265,18,0,3
DA:267,4
BRDA:267,19,0,4
DA:268,4
DA:269,4
DA:270,0
BRDA:270,19,1,-
DA:271,0
DA:272,0
BRDA:272,20,0,-
DA:273,0
DA:275,0
DA:276,0
DA:277,0
DA:300,5
FN:300,SettlementAuthority.settleDebitFromIntent
FNDA:5,SettlementAuthority.settleDebitFromIntent
DA:301,5
BRDA:301,21,0,-
BRDA:301,21,1,-
DA:302,5
DA:316,5
BRDA:316,22,0,-
BRDA:316,22,1,-
DA:317,4
DA:318,3
BRDA:318,23,0,-
BRDA:318,23,1,-
DA:319,3
BRDA:319,24,0,3
DA:320,3
DA:321,3
DA:322,0
BRDA:322,24,1,-
DA:323,0
DA:324,0
BRDA:324,25,0,-
DA:325,0
DA:327,0
DA:328,0
DA:329,0
DA:333,29
FN:333,SettlementAuthority.domainSeparator
FNDA:29,SettlementAuthority.domainSeparator
DA:334,29
DA:337,20
FN:337,SettlementAuthority.getUserNonce
FNDA:20,SettlementAuthority.getUserNonce
DA:338,20
DA:343,6
FN:343,SettlementAuthority.isDigestConsumed
FNDA:6,SettlementAuthority.isDigestConsumed
DA:344,6
DA:348,1
FN:348,SettlementAuthority.vaultTokenBalance
FNDA:1,SettlementAuthority.vaultTokenBalance
DA:349,1
DA:352,9
FN:352,SettlementAuthority.pause
FNDA:9,SettlementAuthority.pause
DA:353,7
FN:353,SettlementAuthority.unpause
FNDA:7,SettlementAuthority.unpause
DA:355,6
FN:355,SettlementAuthority._authorizeUpgrade
FNDA:6,SettlementAuthority._authorizeUpgrade
FNF:15
FNH:15
LF:101
LH:76
BRF:47
BRH:9
end_of_record
TN:
SF:contracts/interop/SettlementAuthorityV2.sol
DA:16,14
FN:16,SettlementAuthorityV2.setAdded
FNDA:14,SettlementAuthorityV2.setAdded
DA:20,14
FN:20,SettlementAuthorityV2.initializeV2
FNDA:14,SettlementAuthorityV2.initializeV2
DA:21,14
BRDA:21,0,0,14
BRDA:21,0,1,13
DA:22,0
DA:23,0
DA:24,0
DA:25,12
DA:26,14
DA:28,12
DA:29,14
FNF:2
FNH:2
LF:10
LH:7
BRF:2
BRH:2
end_of_record
TN:
SF:contracts/libs/Roles.sol
DA:135,8
FN:135,Roles.getRoleHash
FNDA:8,Roles.getRoleHash
DA:136,8
DA:145,19
FN:145,Roles.getRoleName
FNDA:19,Roles.getRoleName
DA:146,19
DA:147,18
DA:148,16
DA:149,15
DA:150,13
DA:151,12
DA:152,11
DA:153,10
DA:154,9
DA:155,8
DA:156,7
DA:157,6
DA:158,5
DA:159,4
DA:160,3
DA:161,2
DA:162,1
FNF:2
FNH:2
LF:20
LH:20
BRF:0
BRH:0
end_of_record
TN:
SF:contracts/libs/SafeCastExt.sol
DA:15,2
FN:15,SafeCastExt.toUint128
FNDA:2,SafeCastExt.toUint128
DA:16,2
BRDA:16,0,0,1
DA:17,1
DA:23,2
FN:23,SafeCastExt.toUint64
FNDA:2,SafeCastExt.toUint64
DA:24,2
BRDA:24,1,0,1
DA:25,1
DA:31,2
FN:31,SafeCastExt.toUint32
FNDA:2,SafeCastExt.toUint32
DA:32,2
BRDA:32,2,0,1
DA:33,1
DA:39,2
FN:39,SafeCastExt.toUint16
FNDA:2,SafeCastExt.toUint16
DA:40,2
BRDA:40,3,0,1
DA:41,1
DA:47,2
FN:47,SafeCastExt.toUint256
FNDA:2,SafeCastExt.toUint256
DA:48,2
BRDA:48,4,0,1
DA:49,1
DA:55,2
FN:55,SafeCastExt.toInt256
FNDA:2,SafeCastExt.toInt256
DA:56,2
BRDA:56,5,0,1
DA:57,1
DA:63,45
FN:63,SafeCastExt.bpsMul
FNDA:45,SafeCastExt.bpsMul
DA:64,45
DA:70,2
FN:70,SafeCastExt.validateBps
FNDA:2,SafeCastExt.validateBps
DA:71,2
BRDA:71,6,0,1
DA:77,3
FN:77,SafeCastExt.divUp
FNDA:3,SafeCastExt.divUp
DA:78,3
FNF:9
FNH:9
LF:24
LH:24
BRF:7
BRH:7
end_of_record
TN:
SF:contracts/manager/BetManager.sol
DA:52,26
FN:52,BetManager.constructor
FNDA:26,BetManager.constructor
DA:53,0
DA:62,25
FN:62,BetManager.initialize
FNDA:25,BetManager.initialize
DA:67,25
BRDA:67,0,0,2
DA:68,23
BRDA:68,1,0,1
DA:70,0
DA:71,0
DA:72,0
DA:73,0
DA:75,22
DA:76,22
DA:77,22
DA:79,22
DA:80,22
DA:81,22
DA:89,13
FN:89,BetManager.handleBetIntent
FNDA:13,BetManager.handleBetIntent
DA:92,1
BRDA:92,2,0,1
DA:93,10
BRDA:93,3,0,1
DA:94,9
BRDA:94,4,0,-
DA:97,9
DA:100,9
DA:109,9
DA:119,9
DA:120,9
DA:123,9
BRDA:123,5,0,7
DA:125,7
DA:133,9
DA:150,3
FN:150,BetManager.recordFill
FNDA:3,BetManager.recordFill
DA:156,3
DA:157,3
BRDA:157,6,0,1
DA:158,0
BRDA:158,7,0,-
DA:161,2
DA:164,2
DA:165,1
DA:166,1
BRDA:166,8,0,1
DA:167,1
DA:173,2
DA:181,4
FN:181,BetManager.reclaimUnused
FNDA:4,BetManager.reclaimUnused
DA:182,4
DA:183,4
BRDA:183,9,0,-
DA:184,1
BRDA:184,10,0,1
DA:187,3
DA:190,3
BRDA:190,11,0,-
DA:192,3
DA:193,3
DA:194,3
DA:197,3
DA:202,3
DA:210,1
FN:210,BetManager.sweep
FNDA:1,BetManager.sweep
DA:211,1
BRDA:211,13,0,-
DA:213,1
DA:214,1
BRDA:214,14,0,1
DA:215,1
DA:216,1
DA:218,1
DA:223,4
FN:223,BetManager.getRelease
FNDA:4,BetManager.getRelease
DA:224,4
DA:227,2
FN:227,BetManager.isReleaseActive
FNDA:2,BetManager.isReleaseActive
DA:228,2
DA:229,2
DA:230,2
DA:231,1
DA:234,4
FN:234,BetManager.getVenueConfig
FNDA:4,BetManager.getVenueConfig
DA:235,4
DA:239,1
FN:239,BetManager.setVenueConfig
FNDA:1,BetManager.setVenueConfig
DA:242,1
BRDA:242,15,0,-
DA:243,1
DA:246,1
FN:246,BetManager.setBufferVault
FNDA:1,BetManager.setBufferVault
DA:247,1
DA:248,1
DA:251,2
FN:251,BetManager.setTraderSafe
FNDA:2,BetManager.setTraderSafe
DA:252,2
BRDA:252,16,0,1
DA:253,1
DA:257,3
FN:257,BetManager.pause
FNDA:3,BetManager.pause
DA:258,0
DA:261,2
FN:261,BetManager.unpause
FNDA:2,BetManager.unpause
DA:262,0
DA:269,3
FN:269,BetManager.emergencyReclaim
FNDA:3,BetManager.emergencyReclaim
DA:270,3
DA:271,3
BRDA:271,17,0,-
DA:272,1
BRDA:272,18,0,1
DA:274,2
DA:275,2
DA:277,2
DA:281,1
FN:281,BetManager._authorizeUpgrade
FNDA:1,BetManager._authorizeUpgrade
FNF:16
FNH:16
LF:85
LH:77
BRF:18
BRH:11
end_of_record
TN:
SF:contracts/manager/MessengerAdapter.sol
DA:70,106
FN:70,MessengerAdapter.constructor
FNDA:106,MessengerAdapter.constructor
DA:71,0
DA:78,105
FN:78,MessengerAdapter.initialize
FNDA:105,MessengerAdapter.initialize
DA:79,105
BRDA:79,0,0,1
DA:81,0
DA:82,0
DA:83,0
DA:84,0
DA:86,104
DA:87,104
DA:89,104
DA:90,104
DA:99,4037
FN:99,MessengerAdapter.sendBetIntent
FNDA:4037,MessengerAdapter.sendBetIntent
DA:103,4033
BRDA:103,1,0,3
DA:104,4030
BRDA:104,2,0,1
DA:106,4029
DA:109,4029
DA:119,4029
DA:131,4023
BRDA:131,3,0,4023
BRDA:131,3,1,-
DA:133,4023
BRDA:133,4,0,-
DA:135,4023
DA:141,4023
DA:148,6
DA:149,6
DA:168,18
FN:168,MessengerAdapter.receiveBetIntent
FNDA:18,MessengerAdapter.receiveBetIntent
DA:173,2
BRDA:173,5,0,2
DA:174,14
BRDA:174,6,0,-
DA:177,14
DA:180,14
DA:181,14
BRDA:181,7,0,-
DA:184,14
BRDA:184,8,0,14
DA:185,12
DA:187,12
DA:194,2
BRDA:194,8,1,2
DA:195,2
DA:196,2
DA:207,1011
FN:207,MessengerAdapter.sendSettlement
FNDA:1011,MessengerAdapter.sendSettlement
DA:212,1008
BRDA:212,9,0,-
DA:214,1008
DA:216,1008
DA:225,1008
DA:235,1006
BRDA:235,10,0,1006
BRDA:235,10,1,-
DA:237,1006
BRDA:237,11,0,-
DA:239,1006
DA:246,1006
DA:253,2
DA:254,2
DA:274,7
FN:274,MessengerAdapter.receiveSettlement
FNDA:7,MessengerAdapter.receiveSettlement
DA:280,1
BRDA:280,12,0,1
DA:281,5
BRDA:281,13,0,-
DA:283,5
DA:286,5
DA:287,5
BRDA:287,14,0,5
DA:288,5
BRDA:288,15,0,5
DA:299,5
DA:316,3
FN:316,MessengerAdapter.sendStatusUpdate
FNDA:3,MessengerAdapter.sendStatusUpdate
DA:321,2
BRDA:321,16,0,-
DA:323,2
DA:325,2
DA:334,2
DA:337,2
DA:338,2
DA:351,1511
FN:351,MessengerAdapter.setRemoteAdapter
FNDA:1511,MessengerAdapter.setRemoteAdapter
DA:352,1510
BRDA:352,17,0,1
DA:353,1509
DA:354,1509
DA:357,1620
FN:357,MessengerAdapter.setBetManager
FNDA:1620,MessengerAdapter.setBetManager
DA:358,1619
BRDA:358,18,0,1
DA:359,1618
DA:360,1618
DA:363,614
FN:363,MessengerAdapter.setSettlementAuthority
FNDA:614,MessengerAdapter.setSettlementAuthority
DA:364,613
BRDA:364,19,0,-
DA:365,613
DA:366,613
DA:373,111
FN:373,MessengerAdapter.setL2ToL2Messenger
FNDA:111,MessengerAdapter.setL2ToL2Messenger
DA:374,109
BRDA:374,20,0,2
DA:375,107
DA:376,107
DA:384,2486
FN:384,MessengerAdapter.setChainType
FNDA:2486,MessengerAdapter.setChainType
DA:385,2485
DA:386,2485
DA:390,4
FN:390,MessengerAdapter.getMessageStatus
FNDA:4,MessengerAdapter.getMessageStatus
DA:391,4
DA:394,5
FN:394,MessengerAdapter.isChainSupported
FNDA:5,MessengerAdapter.isChainSupported
DA:395,5
DA:398,4
FN:398,MessengerAdapter.getRemoteAdapter
FNDA:4,MessengerAdapter.getRemoteAdapter
DA:399,4
DA:403,12
FN:403,MessengerAdapter.pause
FNDA:12,MessengerAdapter.pause
DA:404,0
DA:407,3
FN:407,MessengerAdapter.unpause
FNDA:3,MessengerAdapter.unpause
DA:408,0
DA:412,3
FN:412,MessengerAdapter.emergencyMarkProcessed
FNDA:3,MessengerAdapter.emergencyMarkProcessed
DA:413,2
DA:414,2
DA:418,5039
FN:418,MessengerAdapter._generateMessageId
FNDA:5039,MessengerAdapter._generateMessageId
DA:419,5039
DA:428,1
FN:428,MessengerAdapter._authorizeUpgrade
FNDA:1,MessengerAdapter._authorizeUpgrade
FNF:20
FNH:20
LF:97
LH:90
BRF:24
BRH:14
end_of_record
TN:
SF:contracts/vault/BufferVault.sol
DA:53,105
FN:53,BufferVault.constructor
FNDA:105,BufferVault.constructor
DA:54,0
DA:62,104
FN:62,BufferVault.initialize
FNDA:104,BufferVault.initialize
DA:66,104
BRDA:66,0,0,-
DA:68,0
DA:69,0
DA:70,0
DA:71,0
DA:73,104
DA:75,104
DA:76,104
DA:77,104
DA:85,11
FN:85,BufferVault.receiveBridge
FNDA:11,BufferVault.receiveBridge
DA:86,9
BRDA:86,1,0,-
DA:89,9
DA:90,9
DA:92,9
BRDA:92,2,0,1
DA:94,8
DA:97,8
DA:98,8
DA:99,8
BRDA:99,3,0,1
DA:101,7
DA:102,7
DA:104,7
DA:114,10
FN:114,BufferVault.bridgeToHub
FNDA:10,BufferVault.bridgeToHub
DA:119,8
BRDA:119,4,0,-
DA:120,8
BRDA:120,5,0,1
DA:121,7
BRDA:121,6,0,1
DA:122,6
BRDA:122,7,0,1
DA:123,5
BRDA:123,8,0,1
DA:126,4
DA:127,4
DA:130,4
DA:133,4
DA:140,4
DA:148,90
FN:148,BufferVault.fund
FNDA:90,BufferVault.fund
DA:149,90
BRDA:149,9,0,-
DA:150,90
BRDA:150,10,0,1
DA:152,89
DA:153,89
DA:155,89
BRDA:155,11,0,1
DA:157,88
DA:158,88
DA:160,88
DA:162,88
DA:171,20
FN:171,BufferVault.spendTo
FNDA:20,BufferVault.spendTo
DA:176,17
BRDA:176,12,0,2
DA:177,15
BRDA:177,13,0,1
DA:178,14
BRDA:178,14,0,1
DA:180,13
DA:181,13
DA:183,13
DA:185,13
DA:193,9
FN:193,BufferVault.receiveProceeds
FNDA:9,BufferVault.receiveProceeds
DA:197,8
BRDA:197,15,0,1
DA:198,7
BRDA:198,16,0,1
DA:202,6
DA:203,6
DA:205,6
BRDA:205,17,0,3
DA:206,3
DA:207,3
DA:217,7
FN:217,BufferVault.drain
FNDA:7,BufferVault.drain
DA:222,6
BRDA:222,18,0,2
DA:223,4
BRDA:223,19,0,1
DA:224,3
BRDA:224,20,0,-
DA:226,3
DA:227,3
DA:229,3
DA:231,3
DA:239,123
FN:239,BufferVault.setCap
FNDA:123,BufferVault.setCap
DA:240,122
BRDA:240,21,0,-
DA:242,122
DA:243,122
DA:245,122
DA:254,12
FN:254,BufferVault.setBridgeConfig
FNDA:12,BufferVault.setBridgeConfig
DA:259,11
DA:260,11
DA:261,11
DA:263,11
DA:270,7
FN:270,BufferVault.addManager
FNDA:7,BufferVault.addManager
DA:271,6
BRDA:271,22,0,1
DA:272,5
DA:279,3
FN:279,BufferVault.removeManager
FNDA:3,BufferVault.removeManager
DA:280,2
DA:284,49
FN:284,BufferVault.getBalance
FNDA:49,BufferVault.getBalance
DA:285,49
DA:288,11
FN:288,BufferVault.getCap
FNDA:11,BufferVault.getCap
DA:289,11
DA:292,2
FN:292,BufferVault.getAvailableCapacity
FNDA:2,BufferVault.getAvailableCapacity
DA:293,2
DA:294,2
DA:295,2
DA:298,15
FN:298,BufferVault.isManager
FNDA:15,BufferVault.isManager
DA:299,15
DA:303,5
FN:303,BufferVault.pause
FNDA:5,BufferVault.pause
DA:304,0
DA:307,2
FN:307,BufferVault.unpause
FNDA:2,BufferVault.unpause
DA:308,0
DA:316,4
FN:316,BufferVault.emergencyDrain
FNDA:4,BufferVault.emergencyDrain
DA:320,4
BRDA:320,23,0,-
DA:322,4
DA:323,4
BRDA:323,24,0,3
DA:324,3
DA:325,3
DA:326,3
DA:331,1
FN:331,BufferVault._authorizeUpgrade
FNDA:1,BufferVault._authorizeUpgrade
FNF:20
FNH:20
LF:106
LH:99
BRF:25
BRH:18
end_of_record
TN:
SF:contracts/vault/BufferVaultV2.sol
DA:53,21
FN:53,BufferVaultV2.autoSyncBalance
FNDA:21,BufferVaultV2.autoSyncBalance
DA:54,21
BRDA:54,0,0,1
DA:56,20
DA:57,20
DA:60,20
BRDA:60,1,0,3
DA:61,3
DA:65,17
BRDA:65,2,0,-
DA:66,0
DA:67,0
DA:71,17
DA:74,17
DA:75,17
BRDA:75,3,0,1
DA:76,1
DA:80,0
DA:81,16
DA:82,16
DA:84,16
DA:85,16
DA:87,16
DA:97,2
FN:97,BufferVaultV2.batchAutoSync
FNDA:2,BufferVaultV2.batchAutoSync
DA:98,2
DA:99,4
DA:100,3
BRDA:100,4,0,3
DA:101,3
DA:102,3
DA:116,5
FN:116,BufferVaultV2.receiveBridge
FNDA:5,BufferVaultV2.receiveBridge
DA:117,4
BRDA:117,5,0,1
DA:120,3
DA:122,3
BRDA:122,6,0,1
DA:123,1
DA:126,2
DA:127,2
DA:136,4
FN:136,BufferVaultV2.receiveBridgeWithValidation
FNDA:4,BufferVaultV2.receiveBridgeWithValidation
DA:140,4
BRDA:140,7,0,-
DA:141,4
BRDA:141,8,0,1
DA:143,3
DA:145,3
BRDA:145,9,0,-
DA:146,0
DA:150,3
BRDA:150,10,0,1
DA:151,1
DA:154,2
DA:155,2
DA:171,2
FN:171,BufferVaultV2.getBalanceStatus
FNDA:2,BufferVaultV2.getBalanceStatus
DA:177,2
DA:178,2
DA:179,2
DA:180,2
DA:189,1
FN:189,BufferVaultV2.getReconciliationReport
FNDA:1,BufferVaultV2.getReconciliationReport
DA:192,1
DA:194,1
DA:195,2
DA:196,2
DA:197,2
DA:199,2
DA:217,2
FN:217,BufferVaultV2.checkSyncNeeded
FNDA:2,BufferVaultV2.checkSyncNeeded
DA:221,2
DA:222,2
DA:224,2
DA:225,3
DA:226,3
DA:228,3
BRDA:228,11,0,1
DA:229,1
DA:230,1
DA:234,2
DA:235,2
DA:237,2
DA:238,1
DA:246,1
FN:246,BufferVaultV2.getVaultStatistics
FNDA:1,BufferVaultV2.getVaultStatistics
DA:247,1
DA:263,2
FN:263,BufferVaultV2._calculateAvailableCapacity
FNDA:2,BufferVaultV2._calculateAvailableCapacity
DA:264,2
DA:265,2
DA:266,2
FNF:9
FNH:9
LF:73
LH:69
BRF:12
BRH:9
end_of_record
TN:
SF:contracts/vault/LPVault.sol
DA:67,74
FN:67,LPVault.constructor
FNDA:74,LPVault.constructor
DA:68,0
DA:79,74
FN:79,LPVault.initialize
FNDA:74,LPVault.initialize
DA:86,74
BRDA:86,0,0,-
DA:87,74
BRDA:87,1,0,-
DA:89,74
DA:90,74
DA:91,0
DA:92,0
DA:93,0
DA:94,0
DA:96,74
DA:97,74
DA:99,74
DA:100,74
DA:101,74
DA:108,97
FN:108,LPVault.totalAssets
FNDA:97,LPVault.totalAssets
DA:109,97
DA:112,97
DA:113,97
DA:114,12
DA:117,97
DA:126,41
FN:126,LPVault.deposit
FNDA:41,LPVault.deposit
DA:130,41
BRDA:130,2,0,1
DA:131,40
BRDA:131,3,0,1
DA:133,39
DA:134,39
DA:137,39
DA:138,39
BRDA:138,4,0,39
DA:139,39
DA:140,39
DA:141,39
DA:151,4
FN:151,LPVault.mint
FNDA:4,LPVault.mint
DA:155,4
BRDA:155,5,0,1
DA:156,3
BRDA:156,6,0,-
DA:158,3
DA:159,3
DA:162,3
DA:163,3
BRDA:163,7,0,3
DA:164,3
DA:165,3
DA:166,3
DA:177,9
FN:177,LPVault.withdraw
FNDA:9,LPVault.withdraw
DA:182,9
BRDA:182,8,0,-
DA:183,9
BRDA:183,9,0,-
DA:186,9
DA:188,9
DA:198,5
FN:198,LPVault.redeem
FNDA:5,LPVault.redeem
DA:203,5
BRDA:203,10,0,-
DA:204,5
BRDA:204,11,0,-
DA:207,5
DA:209,5
DA:216,1
FN:216,LPVault.setTreasury
FNDA:1,LPVault.setTreasury
DA:217,1
BRDA:217,12,0,-
DA:219,1
DA:220,1
DA:222,1
DA:223,1
DA:225,1
DA:232,1
FN:232,LPVault.setProtocolFeeBps
FNDA:1,LPVault.setProtocolFeeBps
DA:233,1
BRDA:233,13,0,-
DA:235,1
DA:236,1
DA:238,1
DA:245,3
FN:245,LPVault.collectFees
FNDA:3,LPVault.collectFees
DA:246,2
DA:253,9
FN:253,LPVault.distributeYield
FNDA:9,LPVault.distributeYield
DA:254,8
BRDA:254,14,0,1
DA:256,7
DA:258,7
DA:265,1
FN:265,LPVault.receiveFromVenue
FNDA:1,LPVault.receiveFromVenue
DA:268,1
DA:269,1
DA:273,7
FN:273,LPVault.pause
FNDA:7,LPVault.pause
DA:274,0
DA:277,3
FN:277,LPVault.unpause
FNDA:3,LPVault.unpause
DA:278,0
DA:291,3
FN:291,LPVault.bridgeToVenue
FNDA:3,LPVault.bridgeToVenue
DA:297,3
BRDA:297,15,0,-
DA:298,3
BRDA:298,16,0,-
DA:301,3
BRDA:301,17,0,1
DA:302,1
DA:306,2
DA:307,2
BRDA:307,18,0,-
DA:310,2
DA:311,2
BRDA:311,19,0,2
DA:312,2
DA:316,1
DA:319,1
DA:326,1
DA:334,5
FN:334,LPVault.setBridgeAdapter
FNDA:5,LPVault.setBridgeAdapter
DA:338,5
DA:339,5
DA:341,5
DA:350,5
FN:350,LPVault.setAuthorizedRecipient
FNDA:5,LPVault.setAuthorizedRecipient
DA:355,5
BRDA:355,20,0,-
DA:357,5
DA:359,5
DA:370,11
FN:370,LPVault.deployToYield
FNDA:11,LPVault.deployToYield
DA:374,10
BRDA:374,21,0,1
DA:375,9
BRDA:375,22,0,1
DA:378,8
DA:379,8
BRDA:379,23,0,-
DA:382,8
DA:385,8
DA:386,8
DA:388,8
DA:397,4
FN:397,LPVault.withdrawFromYield
FNDA:4,LPVault.withdrawFromYield
DA:401,3
BRDA:401,24,0,1
DA:402,2
BRDA:402,25,0,-
DA:404,2
DA:405,2
DA:407,2
DA:414,19
FN:414,LPVault.addYieldAdapter
FNDA:19,LPVault.addYieldAdapter
DA:415,18
BRDA:415,26,0,1
DA:416,1
BRDA:416,27,0,1
DA:418,16
DA:419,16
DA:421,16
DA:428,3
FN:428,LPVault.removeYieldAdapter
FNDA:3,LPVault.removeYieldAdapter
DA:429,2
BRDA:429,28,0,1
DA:432,1
DA:433,1
BRDA:433,29,0,1
DA:434,1
DA:435,1
DA:436,0
DA:440,1
DA:442,1
DA:449,4
FN:449,LPVault.getYieldAdapters
FNDA:4,LPVault.getYieldAdapters
DA:450,4
DA:457,2
FN:457,LPVault._withdrawFromYield
FNDA:2,LPVault._withdrawFromYield
DA:458,0
DA:461,2
DA:462,2
DA:463,2
DA:465,2
BRDA:465,30,0,2
DA:466,2
DA:467,2
DA:468,2
DA:472,2
BRDA:472,31,0,1
DA:476,16
FN:476,LPVault._collectFeesInternal
FNDA:16,LPVault._collectFeesInternal
DA:477,16
DA:478,16
BRDA:478,32,0,15
DA:479,15
DA:480,15
DA:481,15
DA:486,3
FN:486,LPVault.convertToShares
FNDA:3,LPVault.convertToShares
DA:487,3
DA:490,5
FN:490,LPVault.convertToAssets
FNDA:5,LPVault.convertToAssets
DA:491,5
DA:494,0
FN:494,LPVault._authorizeUpgrade
FNDA:0,LPVault._authorizeUpgrade
FNF:27
FNH:26
LF:151
LH:141
BRF:33
BRH:18
end_of_record
TN:
SF:contracts/venue/ReceiptRouter.sol
DA:53,9
FN:53,ReceiptRouter.constructor
FNDA:9,ReceiptRouter.constructor
DA:55,9
FN:55,ReceiptRouter.initialize
FNDA:9,ReceiptRouter.initialize
DA:56,9
BRDA:56,0,0,-
BRDA:56,0,1,-
DA:57,0
DA:58,0
DA:59,0
DA:61,9
DA:62,9
DA:65,9
FN:65,ReceiptRouter.setAllowedSender
FNDA:9,ReceiptRouter.setAllowedSender
DA:66,9
BRDA:66,1,0,-
BRDA:66,1,1,-
DA:67,9
DA:68,9
DA:71,8
FN:71,ReceiptRouter.setMessenger
FNDA:8,ReceiptRouter.setMessenger
DA:72,8
BRDA:72,2,0,-
BRDA:72,2,1,-
DA:73,8
DA:74,8
DA:77,2006
FN:77,ReceiptRouter.registerExpected
FNDA:2006,ReceiptRouter.registerExpected
DA:87,2006
BRDA:87,3,0,-
BRDA:87,3,1,-
DA:88,2006
BRDA:88,4,0,-
BRDA:88,4,1,-
DA:89,2006
BRDA:89,5,0,2006
BRDA:89,5,1,2006
DA:91,2006
DA:103,2006
DA:106,4951
FN:106,ReceiptRouter.onERC1155Received
FNDA:4951,ReceiptRouter.onERC1155Received
DA:113,4951
BRDA:113,6,0,-
BRDA:113,6,1,-
DA:114,4950
BRDA:114,7,0,-
BRDA:114,7,1,-
DA:115,4951
DA:116,4949
DA:117,4949
BRDA:117,8,0,-
BRDA:117,8,1,-
DA:118,4949
BRDA:118,9,0,4949
BRDA:118,9,1,4949
DA:120,4949
DA:122,2968
BRDA:122,10,0,2968
BRDA:122,10,1,-
DA:123,2968
DA:124,2968
DA:126,1981
DA:129,2968
DA:130,4949
DA:133,2
FN:133,ReceiptRouter.onERC1155BatchReceived
FNDA:2,ReceiptRouter.onERC1155BatchReceived
DA:140,2
BRDA:140,11,0,-
BRDA:140,11,1,-
DA:141,2
BRDA:141,12,0,-
BRDA:141,12,1,-
DA:142,2
DA:143,2
DA:144,2
BRDA:144,13,0,-
BRDA:144,13,1,-
DA:145,2
BRDA:145,14,0,-
BRDA:145,14,1,-
DA:147,2
DA:148,2
BRDA:148,15,0,-
BRDA:148,15,1,-
DA:149,2
DA:150,5
BRDA:150,16,0,-
BRDA:150,16,1,-
DA:151,4
DA:152,3
BRDA:152,17,0,3
BRDA:152,17,1,-
DA:153,3
DA:154,3
DA:156,1
DA:160,1
DA:161,1
DA:162,1
DA:163,1
DA:166,0
FN:166,ReceiptRouter.supportsInterface
FNDA:0,ReceiptRouter.supportsInterface
DA:167,0
DA:170,0
FN:170,ReceiptRouter.pause
FNDA:0,ReceiptRouter.pause
DA:171,0
FN:171,ReceiptRouter.unpause
FNDA:0,ReceiptRouter.unpause
DA:173,4950
FN:173,ReceiptRouter._attest
FNDA:4950,ReceiptRouter._attest
DA:174,4950
BRDA:174,18,0,4949
DA:175,4949
DA:176,4949
DA:180,0
FN:180,ReceiptRouter._authorizeUpgrade
FNDA:0,ReceiptRouter._authorizeUpgrade
FNF:12
FNH:8
LF:65
LH:57
BRF:37
BRH:7
end_of_record
TN:
SF:script/BridgeBaseToOP.s.sol
DA:22,0
FN:22,BridgeToOPSepolia.run
FNDA:0,BridgeToOPSepolia.run
DA:24,0
DA:25,0
DA:27,0
DA:29,0
DA:30,0
DA:31,0
DA:32,0
DA:33,0
DA:34,0
DA:36,0
DA:39,0
DA:40,0
DA:41,0
BRDA:41,0,0,-
BRDA:41,0,1,-
DA:44,0
DA:45,0
DA:46,0
DA:47,0
DA:50,0
DA:51,0
DA:52,0
DA:59,0
DA:60,0
DA:61,0
DA:62,0
DA:63,0
DA:65,0
FNF:1
FNH:0
LF:27
LH:0
BRF:2
BRH:0
end_of_record
TN:
SF:script/ConfigureCCTPBridge.s.sol
DA:33,0
FN:33,ConfigureCCTPBridge.run
FNDA:0,ConfigureCCTPBridge.run
DA:34,0
DA:35,0
DA:36,0
DA:38,0
DA:39,0
DA:40,0
DA:41,0
DA:43,0
DA:45,0
BRDA:45,0,0,-
BRDA:45,0,1,-
DA:47,0
DA:48,0
BRDA:48,1,0,-
BRDA:48,1,1,-
DA:50,0
DA:51,0
BRDA:51,2,0,-
BRDA:51,2,1,-
DA:53,0
DA:55,0
DA:58,0
DA:60,0
DA:63,0
FN:63,ConfigureCCTPBridge.configureOPSepolia
FNDA:0,ConfigureCCTPBridge.configureOPSepolia
DA:64,0
DA:66,0
DA:69,0
DA:70,0
BRDA:70,3,0,-
DA:71,0
DA:72,0
BRDA:72,3,1,-
DA:73,0
DA:77,0
DA:78,0
BRDA:78,4,0,-
DA:79,0
DA:80,0
BRDA:80,4,1,-
DA:81,0
DA:85,0
DA:86,0
BRDA:86,5,0,-
DA:87,0
DA:88,0
BRDA:88,5,1,-
DA:89,0
DA:93,0
DA:94,0
BRDA:94,6,0,-
DA:95,0
DA:96,0
BRDA:96,6,1,-
DA:97,0
DA:101,0
DA:102,0
BRDA:102,7,0,-
DA:103,0
DA:104,0
BRDA:104,7,1,-
DA:105,0
DA:108,0
DA:111,0
FN:111,ConfigureCCTPBridge.configureBaseSepolia
FNDA:0,ConfigureCCTPBridge.configureBaseSepolia
DA:112,0
DA:114,0
DA:117,0
DA:118,0
BRDA:118,8,0,-
DA:119,0
DA:120,0
BRDA:120,8,1,-
DA:121,0
DA:125,0
DA:126,0
BRDA:126,9,0,-
DA:127,0
DA:128,0
BRDA:128,9,1,-
DA:129,0
DA:133,0
DA:134,0
BRDA:134,10,0,-
DA:139,0
DA:140,0
DA:141,0
DA:142,0
BRDA:142,10,1,-
DA:143,0
DA:146,0
DA:149,0
FN:149,ConfigureCCTPBridge.configurePolygonAmoy
FNDA:0,ConfigureCCTPBridge.configurePolygonAmoy
DA:150,0
DA:152,0
DA:155,0
DA:156,0
BRDA:156,11,0,-
DA:157,0
DA:158,0
BRDA:158,11,1,-
DA:159,0
DA:163,0
DA:164,0
BRDA:164,12,0,-
DA:165,0
DA:166,0
BRDA:166,12,1,-
DA:167,0
DA:171,0
DA:172,0
BRDA:172,13,0,-
DA:177,0
DA:178,0
DA:179,0
DA:180,0
BRDA:180,13,1,-
DA:181,0
DA:184,0
FNF:4
FNH:0
LF:89
LH:0
BRF:28
BRH:0
end_of_record
TN:
SF:script/DeployAggregator.s.sol
DA:87,0
FN:87,DeployAggregator.setUp
FNDA:0,DeployAggregator.setUp
DA:89,0
DA:90,0
BRDA:90,0,0,-
BRDA:90,0,1,-
DA:93,0
DA:94,0
DA:97,0
DA:98,0
DA:101,0
DA:104,0
DA:107,0
DA:108,0
DA:109,0
DA:110,0
DA:111,0
DA:114,0
FN:114,DeployAggregator.run
FNDA:0,DeployAggregator.run
DA:116,0
DA:117,0
BRDA:117,1,0,-
BRDA:117,1,1,-
DA:118,0
DA:120,0
DA:121,0
DA:122,0
BRDA:122,2,0,-
DA:123,0
DA:124,0
DA:126,0
BRDA:126,3,0,-
BRDA:126,3,1,-
DA:127,0
DA:128,0
DA:129,0
DA:131,0
DA:136,0
DA:137,0
BRDA:137,4,0,-
DA:139,0
BRDA:139,5,0,-
BRDA:139,5,1,-
DA:140,0
DA:142,0
DA:145,0
DA:149,0
FN:149,DeployAggregator._deployHub
FNDA:0,DeployAggregator._deployHub
DA:150,0
DA:152,0
BRDA:152,6,0,-
BRDA:152,6,1,-
DA:153,0
BRDA:153,7,0,-
BRDA:153,7,1,-
DA:156,0
DA:157,0
DA:158,0
DA:167,0
DA:168,0
DA:169,0
DA:170,0
DA:173,0
DA:174,0
DA:175,0
DA:176,0
DA:177,0
DA:178,0
DA:181,0
DA:182,0
DA:183,0
DA:184,0
DA:185,0
DA:186,0
DA:189,0
DA:190,0
DA:191,0
DA:192,0
DA:193,0
DA:194,0
DA:197,0
DA:198,0
DA:199,0
DA:203,0
DA:204,0
DA:205,0
DA:208,0
DA:209,0
DA:210,0
DA:211,0
DA:212,0
DA:213,0
DA:216,0
DA:217,0
DA:218,0
DA:219,0
DA:220,0
DA:221,0
DA:224,0
DA:225,0
DA:226,0
DA:230,0
DA:231,0
DA:232,0
DA:235,0
BRDA:235,8,0,-
DA:236,0
DA:240,0
DA:241,0
DA:244,0
DA:247,0
BRDA:247,9,0,-
DA:248,0
DA:252,0
DA:255,0
BRDA:255,10,0,-
BRDA:255,10,1,-
DA:257,0
DA:258,0
DA:259,0
DA:260,0
BRDA:260,11,0,-
DA:261,0
DA:264,0
DA:268,0
DA:269,0
DA:270,0
DA:271,0
DA:272,0
DA:273,0
DA:274,0
DA:275,0
DA:276,0
DA:277,0
DA:278,0
DA:279,0
DA:280,0
DA:281,0
DA:282,0
DA:283,0
DA:284,0
DA:288,0
FN:288,DeployAggregator._deployVenue
FNDA:0,DeployAggregator._deployVenue
DA:289,0
DA:291,0
BRDA:291,12,0,-
BRDA:291,12,1,-
DA:294,0
DA:295,0
DA:296,0
DA:305,0
DA:306,0
DA:307,0
DA:308,0
DA:311,0
DA:312,0
DA:313,0
DA:314,0
DA:315,0
DA:316,0
DA:319,0
DA:320,0
DA:321,0
DA:322,0
DA:323,0
DA:324,0
DA:327,0
DA:328,0
DA:329,0
DA:330,0
DA:331,0
DA:332,0
DA:335,0
DA:336,0
DA:337,0
DA:343,0
DA:344,0
DA:345,0
DA:346,0
DA:349,0
DA:350,0
DA:351,0
DA:352,0
DA:353,0
DA:354,0
DA:357,0
BRDA:357,13,0,-
DA:358,0
DA:360,0
DA:361,0
DA:364,0
BRDA:364,14,0,-
DA:365,0
DA:369,0
DA:372,0
BRDA:372,15,0,-
BRDA:372,15,1,-
DA:373,0
DA:374,0
DA:375,0
DA:377,0
DA:381,0
DA:382,0
DA:383,0
DA:384,0
DA:385,0
DA:386,0
DA:387,0
DA:388,0
DA:389,0
DA:390,0
DA:391,0
DA:392,0
DA:393,0
DA:394,0
DA:395,0
DA:399,0
FN:399,DeployAggregator._envOr
FNDA:0,DeployAggregator._envOr
DA:401,0
BRDA:401,16,0,-
DA:402,0
DA:403,0
BRDA:403,16,1,-
DA:404,0
DA:408,0
FN:408,DeployAggregator._envOrBool
FNDA:0,DeployAggregator._envOrBool
DA:409,0
DA:410,0
DA:411,0
DA:412,0
FNF:6
FNH:0
LF:197
LH:0
BRF:27
BRH:0
end_of_record
TN:
SF:script/DeployBetManager.s.sol
DA:14,0
FN:14,DeployBetManager.run
FNDA:0,DeployBetManager.run
DA:15,0
DA:16,0
DA:18,0
DA:20,0
DA:21,0
DA:24,0
DA:25,0
DA:27,0
BRDA:27,0,0,-
BRDA:27,0,1,-
DA:29,0
DA:30,0
DA:31,0
BRDA:31,1,0,-
BRDA:31,1,1,-
DA:33,0
DA:34,0
DA:36,0
DA:40,0
DA:41,0
DA:45,0
DA:54,0
DA:64,0
DA:69,0
DA:72,0
DA:74,0
DA:76,0
DA:77,0
DA:78,0
DA:79,0
DA:80,0
DA:81,0
DA:82,0
DA:84,0
DA:87,0
DA:88,0
BRDA:88,2,0,-
BRDA:88,2,1,-
DA:89,0
DA:90,0
DA:91,0
DA:93,0
DA:94,0
DA:95,0
FNF:1
FNH:0
LF:39
LH:0
BRF:6
BRH:0
end_of_record
TN:
SF:script/DeployBufferVault.s.sol
DA:13,0
FN:13,DeployBufferVault.run
FNDA:0,DeployBufferVault.run
DA:14,0
DA:15,0
DA:16,0
DA:18,0
DA:19,0
DA:20,0
DA:23,0
DA:25,0
BRDA:25,0,0,-
BRDA:25,0,1,-
DA:27,0
DA:28,0
DA:29,0
BRDA:29,1,0,-
BRDA:29,1,1,-
DA:31,0
DA:32,0
DA:34,0
DA:37,0
DA:40,0
DA:41,0
DA:42,0
DA:45,0
DA:46,0
DA:51,0
DA:52,0
DA:54,0
DA:57,0
DA:58,0
DA:59,0
DA:61,0
DA:63,0
DA:64,0
DA:65,0
DA:66,0
FNF:1
FNH:0
LF:32
LH:0
BRF:4
BRH:0
end_of_record
TN:
SF:script/DeployCCTPAdapters.s.sol
DA:33,0
FN:33,DeployCCTPAdapters.run
FNDA:0,DeployCCTPAdapters.run
DA:34,0
DA:35,0
DA:37,0
DA:39,0
DA:41,0
BRDA:41,0,0,-
BRDA:41,0,1,-
DA:43,0
DA:44,0
DA:50,0
DA:52,0
BRDA:52,1,0,-
BRDA:52,1,1,-
DA:54,0
DA:55,0
DA:61,0
DA:63,0
BRDA:63,2,0,-
BRDA:63,2,1,-
DA:65,0
DA:66,0
DA:72,0
DA:75,0
DA:78,0
DA:80,0
DA:81,0
DA:82,0
DA:83,0
DA:84,0
DA:85,0
DA:86,0
FNF:1
FNH:0
LF:26
LH:0
BRF:6
BRH:0
end_of_record
TN:
SF:script/DeployCLOB.s.sol
DA:33,0
FN:33,DeployCLOB.setUp
FNDA:0,DeployCLOB.setUp
DA:37,0
DA:38,0
DA:39,0
DA:40,0
DA:41,0
DA:43,0
BRDA:43,0,0,-
BRDA:43,0,1,-
DA:44,0
BRDA:44,1,0,-
BRDA:44,1,1,-
DA:47,0
FN:47,DeployCLOB.run
FNDA:0,DeployCLOB.run
DA:49,0
DA:50,0
BRDA:50,2,0,-
BRDA:50,2,1,-
DA:51,0
DA:54,0
DA:56,0
DA:57,0
BRDA:57,3,0,-
DA:58,0
DA:59,0
DA:62,0
BRDA:62,4,0,-
BRDA:62,4,1,-
DA:63,0
DA:64,0
DA:65,0
DA:68,0
DA:74,0
DA:75,0
BRDA:75,5,0,-
BRDA:75,5,1,-
DA:76,0
DA:78,0
DA:81,0
BRDA:81,6,0,-
DA:82,0
BRDA:82,7,0,-
DA:83,0
BRDA:83,8,0,-
DA:86,0
DA:87,0
DA:88,0
DA:92,0
DA:96,0
DA:97,0
DA:100,0
DA:101,0
DA:102,0
DA:106,0
DA:110,0
DA:111,0
DA:114,0
DA:115,0
DA:116,0
DA:120,0
DA:124,0
DA:125,0
DA:128,0
DA:129,0
DA:130,0
DA:134,0
DA:138,0
DA:139,0
DA:142,0
DA:143,0
DA:144,0
DA:148,0
DA:152,0
DA:153,0
DA:156,0
DA:157,0
DA:158,0
DA:169,0
DA:173,0
DA:174,0
DA:177,0
DA:180,0
DA:183,0
DA:186,0
DA:187,0
DA:190,0
DA:192,0
DA:194,0
DA:197,0
DA:198,0
DA:199,0
DA:200,0
DA:201,0
DA:202,0
DA:203,0
DA:204,0
DA:205,0
DA:206,0
DA:207,0
DA:208,0
DA:209,0
FNF:2
FNH:0
LF:86
LH:0
BRF:14
BRH:0
end_of_record
TN:
SF:script/EmergencyWithdrawLPVault.s.sol
DA:19,0
FN:19,EmergencyWithdrawLPVault.run
FNDA:0,EmergencyWithdrawLPVault.run
DA:20,0
DA:21,0
DA:22,0
DA:24,0
DA:25,0
DA:26,0
DA:27,0
DA:29,0
DA:31,0
DA:33,0
DA:36,0
DA:37,0
DA:38,0
DA:40,0
DA:41,0
DA:42,0
DA:43,0
DA:44,0
DA:46,0
BRDA:46,0,0,-
DA:47,0
DA:48,0
DA:49,0
DA:53,0
DA:54,0
DA:57,0
DA:59,0
DA:62,0
DA:63,0
DA:64,0
DA:66,0
DA:67,0
DA:68,0
DA:69,0
DA:70,0
DA:71,0
DA:73,0
FNF:1
FNH:0
LF:37
LH:0
BRF:1
BRH:0
end_of_record
TN:
SF:script/FundLPVault.s.sol
DA:12,0
FN:12,FundLPVault.run
FNDA:0,FundLPVault.run
DA:13,0
DA:14,0
DA:15,0
DA:16,0
DA:18,0
DA:20,0
DA:22,0
DA:23,0
DA:24,0
DA:25,0
DA:26,0
DA:28,0
DA:29,0
DA:30,0
DA:31,0
DA:34,0
DA:35,0
DA:36,0
DA:37,0
DA:40,0
DA:41,0
DA:42,0
DA:43,0
DA:45,0
DA:46,0
DA:47,0
DA:48,0
DA:49,0
DA:51,0
FNF:1
FNH:0
LF:30
LH:0
BRF:0
BRH:0
end_of_record
TN:
SF:script/TestCCTPBridge.s.sol
DA:34,0
FN:34,TestCCTPBridge.run
FNDA:0,TestCCTPBridge.run
DA:35,0
DA:36,0
DA:38,0
DA:39,0
DA:41,0
DA:44,0
DA:45,0
DA:46,0
DA:48,0
DA:49,0
DA:50,0
DA:51,0
DA:52,0
DA:55,0
DA:58,0
DA:59,0
BRDA:59,0,0,-
DA:60,0
DA:61,0
BRDA:61,0,1,-
DA:62,0
DA:66,0
DA:67,0
DA:68,0
DA:71,0
DA:72,0
DA:76,0
DA:77,0
DA:78,0
DA:80,0
DA:81,0
DA:82,0
DA:83,0
DA:84,0
DA:85,0
DA:86,0
DA:89,0
DA:90,0
DA:91,0
DA:92,0
DA:93,0
DA:95,0
DA:97,0
DA:98,0
DA:99,0
DA:100,0
DA:101,0
DA:102,0
FNF:1
FNH:0
LF:47
LH:0
BRF:2
BRH:0
end_of_record
TN:
SF:script/UpdateBufferVaults.s.sol
DA:42,0
FN:42,UpdateBufferVaults.run
FNDA:0,UpdateBufferVaults.run
DA:43,0
DA:46,0
DA:47,0
DA:48,0
DA:49,0
DA:51,0
DA:52,0
DA:53,0
DA:56,0
BRDA:56,0,0,-
DA:57,0
DA:61,0
BRDA:61,1,0,-
DA:62,0
DA:65,0
DA:66,0
DA:67,0
DA:70,0
FN:70,UpdateBufferVaults.updateBaseSepolia
FNDA:0,UpdateBufferVaults.updateBaseSepolia
DA:75,0
DA:76,0
DA:77,0
DA:79,0
DA:81,0
DA:84,0
DA:85,0
DA:86,0
DA:89,0
DA:90,0
DA:91,0
DA:94,0
DA:95,0
DA:103,0
DA:106,0
DA:107,0
DA:109,0
BRDA:109,2,0,-
BRDA:109,2,1,-
DA:110,0
DA:111,0
DA:113,0
DA:116,0
DA:119,0
DA:120,0
DA:121,0
DA:122,0
DA:123,0
DA:124,0
DA:126,0
BRDA:126,3,0,-
BRDA:126,3,1,-
DA:127,0
BRDA:127,4,0,-
BRDA:127,4,1,-
DA:128,0
BRDA:128,5,0,-
BRDA:128,5,1,-
DA:129,0
BRDA:129,6,0,-
BRDA:129,6,1,-
DA:131,0
DA:134,0
FN:134,UpdateBufferVaults.updatePolygonAmoy
FNDA:0,UpdateBufferVaults.updatePolygonAmoy
DA:139,0
DA:140,0
DA:141,0
DA:143,0
DA:145,0
DA:148,0
DA:149,0
DA:150,0
DA:153,0
DA:154,0
DA:155,0
DA:158,0
DA:159,0
DA:167,0
DA:170,0
DA:171,0
DA:173,0
BRDA:173,7,0,-
BRDA:173,7,1,-
DA:174,0
DA:175,0
DA:177,0
DA:180,0
DA:183,0
DA:184,0
DA:185,0
DA:186,0
DA:187,0
DA:188,0
DA:190,0
BRDA:190,8,0,-
BRDA:190,8,1,-
DA:191,0
BRDA:191,9,0,-
BRDA:191,9,1,-
DA:192,0
BRDA:192,10,0,-
BRDA:192,10,1,-
DA:193,0
BRDA:193,11,0,-
BRDA:193,11,1,-
DA:195,0
DA:214,0
FN:214,VerifyBufferVaultConfig.run
FNDA:0,VerifyBufferVaultConfig.run
DA:215,0
DA:216,0
DA:217,0
DA:219,0
BRDA:219,0,0,-
BRDA:219,0,1,-
DA:220,0
DA:221,0
BRDA:221,1,0,-
BRDA:221,1,1,-
DA:222,0
DA:224,0
DA:228,0
FN:228,VerifyBufferVaultConfig.verifyBase
FNDA:0,VerifyBufferVaultConfig.verifyBase
DA:229,0
DA:231,0
DA:232,0
DA:235,0
DA:236,0
DA:237,0
DA:239,0
DA:240,0
DA:243,0
DA:244,0
DA:245,0
DA:246,0
DA:247,0
DA:250,0
DA:251,0
DA:252,0
DA:255,0
DA:263,0
BRDA:263,2,0,-
BRDA:263,2,1,-
DA:264,0
DA:266,0
DA:270,0
FN:270,VerifyBufferVaultConfig.verifyPolygon
FNDA:0,VerifyBufferVaultConfig.verifyPolygon
DA:271,0
DA:273,0
DA:274,0
DA:277,0
DA:278,0
DA:279,0
DA:281,0
DA:282,0
DA:285,0
DA:286,0
DA:287,0
DA:288,0
DA:289,0
DA:292,0
DA:293,0
DA:294,0
DA:297,0
DA:305,0
BRDA:305,3,0,-
BRDA:305,3,1,-
DA:306,0
DA:308,0
FNF:6
FNH:0
LF:133
LH:0
BRF:30
BRH:0
end_of_record
TN:
SF:script/WireAggregator.s.sol
DA:68,0
FN:68,WireAggregator.wireHub
FNDA:0,WireAggregator.wireHub
DA:69,0
DA:70,0
DA:72,0
DA:73,0
DA:74,0
DA:76,0
DA:77,0
DA:80,0
DA:81,0
DA:82,0
DA:85,0
DA:86,0
DA:87,0
DA:88,0
DA:89,0
DA:90,0
DA:91,0
DA:92,0
DA:95,0
DA:96,0
DA:97,0
DA:98,0
DA:99,0
DA:100,0
DA:101,0
DA:102,0
DA:105,0
DA:107,0
DA:109,0
BRDA:109,0,0,-
DA:110,0
DA:111,0
DA:114,0
BRDA:114,1,0,-
DA:115,0
DA:116,0
DA:120,0
DA:121,0
DA:122,0
DA:124,0
DA:126,0
DA:133,0
FN:133,WireAggregator.wireVenue
FNDA:0,WireAggregator.wireVenue
DA:134,0
DA:141,0
FN:141,WireAggregator.wireVenuePolygon
FNDA:0,WireAggregator.wireVenuePolygon
DA:142,0
DA:148,0
FN:148,WireAggregator.wireVenueInternal
FNDA:0,WireAggregator.wireVenueInternal
DA:154,0
DA:155,0
DA:157,0
DA:158,0
DA:160,0
DA:161,0
DA:162,0
DA:163,0
DA:166,0
BRDA:166,2,0,-
BRDA:166,2,1,-
DA:167,0
DA:168,0
DA:169,0
DA:171,0
DA:175,0
DA:176,0
DA:177,0
DA:178,0
DA:179,0
DA:180,0
DA:181,0
DA:184,0
DA:185,0
DA:186,0
DA:189,0
DA:190,0
DA:191,0
BRDA:191,3,0,-
BRDA:191,3,1,-
DA:192,0
DA:193,0
DA:195,0
DA:198,0
DA:200,0
DA:207,0
FN:207,WireAggregator.verifyWiring
FNDA:0,WireAggregator.verifyWiring
DA:208,0
DA:211,0
DA:212,0
DA:213,0
DA:214,0
DA:215,0
DA:216,0
DA:217,0
DA:218,0
DA:221,0
DA:222,0
DA:223,0
DA:224,0
DA:225,0
DA:227,0
FNF:5
FNH:0
LF:92
LH:0
BRF:6
BRH:0
end_of_record
TN:
SF:test/clob/CLOBIntegration.t.sol
DA:19,0
FN:19,MockUSDC.decimals
FNDA:0,MockUSDC.decimals
DA:20,0
DA:23,40
FN:23,MockUSDC.mint
FNDA:40,MockUSDC.mint
DA:24,40
FNF:2
FNH:1
LF:4
LH:2
BRF:0
BRH:0
end_of_record
TN:
SF:test/clob/FeeCollector.t.sol
DA:12,28
FN:12,MockERC20.constructor
FNDA:28,MockERC20.constructor
DA:13,28
DA:16,0
FN:16,MockERC20.decimals
FNDA:0,MockERC20.decimals
DA:17,0
DA:20,1033
FN:20,MockERC20.mint
FNDA:1033,MockERC20.mint
DA:21,1033
FNF:3
FNH:2
LF:6
LH:4
BRF:0
BRH:0
end_of_record
TN:
SF:test/clob/SettlementCoverage.t.sol
DA:18,0
FN:18,MockUSDC.decimals
FNDA:0,MockUSDC.decimals
DA:19,12
FN:19,MockUSDC.mint
FNDA:12,MockUSDC.mint
FNF:2
FNH:1
LF:2
LH:1
BRF:0
BRH:0
end_of_record
TN:
SF:test/fuzz/ReceiptRouterFuzz.t.sol
DA:14,0
FN:14,MockERC1155F.uri
FNDA:0,MockERC1155F.uri
DA:16,2000
FN:16,MockERC1155F.balanceOf
FNDA:2000,MockERC1155F.balanceOf
DA:17,2000
DA:20,0
FN:20,MockERC1155F.balanceOfBatch
FNDA:0,MockERC1155F.balanceOfBatch
DA:21,0
DA:24,0
FN:24,MockERC1155F.setApprovalForAll
FNDA:0,MockERC1155F.setApprovalForAll
DA:25,0
FN:25,MockERC1155F.isApprovedForAll
FNDA:0,MockERC1155F.isApprovedForAll
DA:27,7912
FN:27,MockERC1155F.safeTransferFrom
FNDA:7912,MockERC1155F.safeTransferFrom
DA:28,7912
BRDA:28,0,0,-
BRDA:28,0,1,-
DA:29,7912
DA:30,7912
DA:31,7912
BRDA:31,1,0,4946
DA:32,4946
DA:33,4946
BRDA:33,2,0,-
BRDA:33,2,1,-
DA:37,0
FN:37,MockERC1155F.safeBatchTransferFrom
FNDA:0,MockERC1155F.safeBatchTransferFrom
DA:38,0
DA:39,0
BRDA:39,3,0,-
BRDA:39,3,1,-
DA:40,0
DA:41,0
DA:43,0
BRDA:43,4,0,-
DA:44,0
DA:45,0
BRDA:45,5,0,-
BRDA:45,5,1,-
DA:49,2000
FN:49,MockERC1155F.mint
FNDA:2000,MockERC1155F.mint
DA:50,2000
DA:53,0
FN:53,MockERC1155F.supportsInterface
FNDA:0,MockERC1155F.supportsInterface
DA:54,0
DA:60,4946
FN:60,MockMessengerF.attestFill
FNDA:4946,MockMessengerF.attestFill
DA:61,4946
FNF:10
FNH:4
LF:28
LH:13
BRF:10
BRH:1
end_of_record
TN:
SF:test/mocks/MockBridgeAdapter.sol
DA:23,5
FN:23,MockBridgeAdapter.bridgeUSDC
FNDA:5,MockBridgeAdapter.bridgeUSDC
DA:29,0
BRDA:29,0,0,-
DA:35,5
DA:45,5
DA:47,5
DA:49,0
DA:52,0
FN:52,MockBridgeAdapter.estimateBridgeFee
FNDA:0,MockBridgeAdapter.estimateBridgeFee
DA:57,0
DA:60,0
FN:60,MockBridgeAdapter.setFee
FNDA:0,MockBridgeAdapter.setFee
DA:61,0
DA:64,0
FN:64,MockBridgeAdapter.setShouldRevert
FNDA:0,MockBridgeAdapter.setShouldRevert
DA:65,0
DA:68,1
FN:68,MockBridgeAdapter.wasMessageSent
FNDA:1,MockBridgeAdapter.wasMessageSent
DA:69,1
FNF:5
FNH:2
LF:14
LH:6
BRF:1
BRH:0
end_of_record
TN:
SF:test/mocks/MockERC20Decimals.sol
DA:9,1
FN:9,MockERC20Decimals.constructor
FNDA:1,MockERC20Decimals.constructor
DA:10,1
DA:13,1
FN:13,MockERC20Decimals.mint
FNDA:1,MockERC20Decimals.mint
DA:14,1
DA:17,0
FN:17,MockERC20Decimals.decimals
FNDA:0,MockERC20Decimals.decimals
DA:18,0
FNF:3
FNH:2
LF:6
LH:4
BRF:0
BRH:0
end_of_record
TN:
SF:test/mocks/MockERC20Permit.sol
DA:10,2
FN:10,MockERC20Permit.mint
FNDA:2,MockERC20Permit.mint
DA:11,2
FNF:1
FNH:1
LF:2
LH:2
BRF:0
BRH:0
end_of_record
TN:
SF:test/mocks/MockYieldAdapter.sol
DA:22,10
FN:22,MockYieldAdapter.constructor
FNDA:10,MockYieldAdapter.constructor
DA:23,10
DA:26,8
FN:26,MockYieldAdapter.deposit
FNDA:8,MockYieldAdapter.deposit
DA:27,0
BRDA:27,0,0,-
DA:29,8
DA:30,8
DA:31,8
DA:34,8
DA:36,8
DA:38,0
DA:41,4
FN:41,MockYieldAdapter.withdraw
FNDA:4,MockYieldAdapter.withdraw
DA:42,0
BRDA:42,1,0,-
DA:44,4
BRDA:44,2,0,-
BRDA:44,2,1,-
DA:45,4
BRDA:45,3,0,-
BRDA:45,3,1,-
DA:47,4
DA:48,4
DA:49,4
DA:52,4
DA:54,4
DA:56,0
DA:59,14
FN:59,MockYieldAdapter.totalAssets
FNDA:14,MockYieldAdapter.totalAssets
DA:60,14
DA:63,0
FN:63,MockYieldAdapter.currentAPY
FNDA:0,MockYieldAdapter.currentAPY
DA:64,0
DA:67,0
FN:67,MockYieldAdapter.name
FNDA:0,MockYieldAdapter.name
DA:68,0
DA:72,0
FN:72,MockYieldAdapter.setAPY
FNDA:0,MockYieldAdapter.setAPY
DA:73,0
DA:76,0
FN:76,MockYieldAdapter.setShouldRevert
FNDA:0,MockYieldAdapter.setShouldRevert
DA:77,0
DA:80,0
FN:80,MockYieldAdapter.getUserDeposit
FNDA:0,MockYieldAdapter.getUserDeposit
DA:81,0
FNF:9
FNH:4
LF:32
LH:18
BRF:6
BRH:0
end_of_record
TN:
SF:test/unit/BetManager.Coverage.t.sol
DA:11,8
FN:11,MockERC20.constructor
FNDA:8,MockERC20.constructor
DA:12,8
FNF:1
FNH:1
LF:2
LH:2
BRF:0
BRH:0
end_of_record
TN:
SF:test/unit/BetManager.t.sol
DA:15,17
FN:15,MockERC20.constructor
FNDA:17,MockERC20.constructor
DA:16,17
DA:19,17
FN:19,MockERC20.mint
FNDA:17,MockERC20.mint
DA:20,17
DA:27,7
FN:27,MockBufferVault.spendTo
FNDA:7,MockBufferVault.spendTo
DA:32,7
DA:35,1
FN:35,MockBufferVault.receiveProceeds
FNDA:1,MockBufferVault.receiveProceeds
DA:39,1
DA:42,0
FN:42,MockBufferVault.getBalance
FNDA:0,MockBufferVault.getBalance
DA:43,0
FNF:5
FNH:4
LF:10
LH:8
BRF:0
BRH:0
end_of_record
TN:
SF:test/unit/BufferVault.Additions.t.sol
DA:11,4
FN:11,MockERC20_BV_Add.constructor
FNDA:4,MockERC20_BV_Add.constructor
DA:12,4
FN:12,MockERC20_BV_Add.mint
FNDA:4,MockERC20_BV_Add.mint
FNF:2
FNH:2
LF:2
LH:2
BRF:0
BRH:0
end_of_record
TN:
SF:test/unit/BufferVault.t.sol
DA:17,82
FN:17,MockERC20.constructor
FNDA:82,MockERC20.constructor
DA:18,82
DA:21,96
FN:21,MockERC20.mint
FNDA:96,MockERC20.mint
DA:22,96
FNF:2
FNH:2
LF:4
LH:4
BRF:0
BRH:0
end_of_record
TN:
SF:test/unit/LPVault.t.sol
DA:18,74
FN:18,MockERC20.constructor
FNDA:74,MockERC20.constructor
DA:19,74
DA:22,155
FN:22,MockERC20.mint
FNDA:155,MockERC20.mint
DA:23,155
FNF:2
FNH:2
LF:4
LH:4
BRF:0
BRH:0
end_of_record
TN:
SF:test/unit/MessengerAdapter.t.sol
DA:15,3
FN:15,MockBetManager.handleBetIntent
FNDA:3,MockBetManager.handleBetIntent
DA:16,1
BRDA:16,0,0,1
DA:17,1
DA:19,2
DA:20,2
DA:23,1
FN:23,MockBetManager.setRevert
FNDA:1,MockBetManager.setRevert
DA:24,1
DA:25,1
DA:34,2
FN:34,MockSettlementAuthority.settleFromMessenger
FNDA:2,MockSettlementAuthority.settleFromMessenger
DA:35,0
BRDA:35,0,0,-
DA:36,0
DA:38,2
DA:41,0
FN:41,MockSettlementAuthority.setRevert
FNDA:0,MockSettlementAuthority.setRevert
DA:42,0
DA:43,0
DA:56,1003
FN:56,MockL2ToL2Messenger.sendMessage
FNDA:1003,MockL2ToL2Messenger.sendMessage
DA:57,1003
DA:58,1003
DA:61,0
FN:61,MockL2ToL2Messenger.crossDomainMessageSender
FNDA:0,MockL2ToL2Messenger.crossDomainMessageSender
DA:62,0
FN:62,MockL2ToL2Messenger.crossDomainMessageSource
FNDA:0,MockL2ToL2Messenger.crossDomainMessageSource
DA:63,0
FN:63,MockL2ToL2Messenger.crossDomainMessageContext
FNDA:0,MockL2ToL2Messenger.crossDomainMessageContext
DA:65,4
FN:65,MockL2ToL2Messenger.getSentMessagesCount
FNDA:4,MockL2ToL2Messenger.getSentMessagesCount
FNF:9
FNH:5
LF:22
LH:14
BRF:2
BRH:1
end_of_record
TN:
SF:test/unit/MessengerAdapterComprehensive.t.sol
DA:27,4026
FN:27,MockL2ToL2Messenger.sendMessage
FNDA:4026,MockL2ToL2Messenger.sendMessage
DA:32,4026
DA:37,4026
DA:40,0
FN:40,MockL2ToL2Messenger.crossDomainMessageSender
FNDA:0,MockL2ToL2Messenger.crossDomainMessageSender
DA:41,0
DA:44,0
FN:44,MockL2ToL2Messenger.crossDomainMessageSource
FNDA:0,MockL2ToL2Messenger.crossDomainMessageSource
DA:45,0
DA:48,0
FN:48,MockL2ToL2Messenger.crossDomainMessageContext
FNDA:0,MockL2ToL2Messenger.crossDomainMessageContext
DA:49,0
DA:53,6
FN:53,MockL2ToL2Messenger.setMockContext
FNDA:6,MockL2ToL2Messenger.setMockContext
DA:54,6
DA:55,6
DA:58,3
FN:58,MockL2ToL2Messenger.getLastMessage
FNDA:3,MockL2ToL2Messenger.getLastMessage
DA:59,3
BRDA:59,0,0,-
BRDA:59,0,1,-
DA:60,3
DA:63,10
FN:63,MockL2ToL2Messenger.getMessageCount
FNDA:10,MockL2ToL2Messenger.getMessageCount
DA:64,10
DA:79,11
FN:79,MockBetManager.handleBetIntent
FNDA:11,MockBetManager.handleBetIntent
DA:80,1
BRDA:80,0,0,1
DA:81,1
DA:84,10
DA:85,10
DA:87,10
DA:97,0
DA:100,1
FN:100,MockBetManager.setRevertBehavior
FNDA:1,MockBetManager.setRevertBehavior
DA:101,1
DA:102,1
DA:115,3
FN:115,MockSettlementAuthority.settleFromMessenger
FNDA:3,MockSettlementAuthority.settleFromMessenger
DA:116,0
BRDA:116,0,0,-
DA:117,0
DA:119,3
DA:122,0
FN:122,MockSettlementAuthority.markSettled
FNDA:0,MockSettlementAuthority.markSettled
DA:127,0
BRDA:127,1,0,-
DA:128,0
DA:130,0
DA:133,0
FN:133,MockSettlementAuthority.setRevertBehavior
FNDA:0,MockSettlementAuthority.setRevertBehavior
DA:134,0
DA:135,0
FNF:12
FNH:7
LF:38
LH:22
BRF:5
BRH:1
end_of_record
TN:
SF:test/unit/config/PauseGuardian.t.sol
DA:12,2
FN:12,MockProtocolConfig.setGlobalEmergencyPause
FNDA:2,MockProtocolConfig.setGlobalEmergencyPause
DA:13,1
FN:13,MockProtocolConfig.setChainEmergencyPause
FNDA:1,MockProtocolConfig.setChainEmergencyPause
FNF:2
FNH:2
LF:2
LH:2
BRF:0
BRH:0
end_of_record
TN:
SF:test/unit/config/TreasurySplitter.t.sol
DA:12,5
FN:12,MockERC20.mint
FNDA:5,MockERC20.mint
FNF:1
FNH:1
LF:1
LH:1
BRF:0
BRH:0
end_of_record
TN:
SF:test/unit/escrow/StagingEscrowVault.Coverage.t.sol
DA:10,7
FN:10,MockERC20.constructor
FNDA:7,MockERC20.constructor
DA:11,7
DA:14,3
FN:14,MockERC20.mint
FNDA:3,MockERC20.mint
DA:15,3
FNF:2
FNH:2
LF:4
LH:4
BRF:0
BRH:0
end_of_record
TN:
SF:test/unit/escrow/StagingEscrowVault.Extra.t.sol
DA:10,4
FN:10,MockERC20.constructor
FNDA:4,MockERC20.constructor
DA:11,4
DA:14,2
FN:14,MockERC20.mint
FNDA:2,MockERC20.mint
DA:15,2
FNF:2
FNH:2
LF:4
LH:4
BRF:0
BRH:0
end_of_record
TN:
SF:test/unit/interop/CCTPAdapter.t.sol
DA:10,17
FN:10,MockUSDC.constructor
FNDA:17,MockUSDC.constructor
DA:11,17
DA:14,0
FN:14,MockUSDC.decimals
FNDA:0,MockUSDC.decimals
DA:15,0
DA:18,0
FN:18,MockUSDC.mint
FNDA:0,MockUSDC.mint
DA:19,0
DA:38,17
FN:38,MockTokenMessenger.depositForBurn
FNDA:17,MockTokenMessenger.depositForBurn
DA:44,17
DA:47,17
DA:49,17
DA:60,0
DA:76,7
FN:76,MockMessageTransmitter.receiveMessage
FNDA:7,MockMessageTransmitter.receiveMessage
DA:77,7
DA:78,7
BRDA:78,0,0,-
BRDA:78,0,1,-
DA:79,7
BRDA:79,1,0,-
BRDA:79,1,1,-
DA:81,7
DA:83,7
DA:91,0
FNF:5
FNH:3
LF:18
LH:12
BRF:4
BRH:0
end_of_record
TN:
SF:test/unit/interop/SettlementAttestationAdapter.t.sol
DA:16,7
FN:16,MockSettlementAuthority.settleFromMessenger
FNDA:7,MockSettlementAuthority.settleFromMessenger
DA:17,7
DA:18,7
DA:19,7
DA:20,7
DA:21,7
FNF:1
FNH:1
LF:6
LH:6
BRF:0
BRH:0
end_of_record
TN:
SF:test/unit/interop/SettlementAuthority.Coverage.t.sol
DA:10,14
FN:10,MockERC20.constructor
FNDA:14,MockERC20.constructor
DA:11,14
DA:29,15
FN:29,ComprehensiveMockVault.setAvailBalance
FNDA:15,ComprehensiveMockVault.setAvailBalance
DA:30,15
DA:33,3
FN:33,ComprehensiveMockVault.setReservedBalance
FNDA:3,ComprehensiveMockVault.setReservedBalance
DA:34,3
DA:37,1
FN:37,ComprehensiveMockVault.setShouldRevert
FNDA:1,ComprehensiveMockVault.setShouldRevert
DA:38,1
DA:39,1
DA:42,7
FN:42,ComprehensiveMockVault.balances
FNDA:7,ComprehensiveMockVault.balances
DA:43,7
DA:46,2
FN:46,ComprehensiveMockVault.getOrderReserved
FNDA:2,ComprehensiveMockVault.getOrderReserved
DA:47,2
DA:50,6
FN:50,ComprehensiveMockVault.reserve
FNDA:6,ComprehensiveMockVault.reserve
DA:60,1
BRDA:60,0,0,1
DA:61,1
DA:63,0
DA:66,5
DA:67,5
DA:68,5
DA:69,5
DA:72,1
FN:72,ComprehensiveMockVault.release
FNDA:1,ComprehensiveMockVault.release
DA:73,0
BRDA:73,1,0,-
DA:74,0
DA:76,0
DA:79,1
DA:80,1
BRDA:80,2,0,1
DA:81,1
DA:83,1
BRDA:83,3,0,-
DA:84,0
DA:86,1
DA:89,1
FN:89,ComprehensiveMockVault.settleDebit
FNDA:1,ComprehensiveMockVault.settleDebit
DA:90,0
BRDA:90,4,0,-
DA:91,0
DA:93,0
DA:96,1
DA:97,1
BRDA:97,5,0,1
DA:98,1
DA:100,1
BRDA:100,6,0,-
DA:101,0
DA:105,0
FN:105,ComprehensiveMockVault.releaseForOrder
FNDA:0,ComprehensiveMockVault.releaseForOrder
DA:106,0
FNF:10
FNH:9
LF:42
LH:31
BRF:7
BRH:3
end_of_record
TN:
SF:test/unit/interop/SettlementAuthority.t.sol
DA:17,3
FN:17,MockStagingEscrowVault.releaseForOrder
FNDA:3,MockStagingEscrowVault.releaseForOrder
DA:18,3
DA:19,3
DA:20,3
DA:21,3
DA:22,3
FNF:1
FNH:1
LF:6
LH:6
BRF:0
BRH:0
end_of_record
TN:
SF:test/unit/libs/SafeCastExt.t.sol
DA:8,1
FN:8,SafeCastHarness.toUint128
FNDA:1,SafeCastHarness.toUint128
DA:9,1
FN:9,SafeCastHarness.toUint64
FNDA:1,SafeCastHarness.toUint64
DA:10,1
FN:10,SafeCastHarness.toUint32
FNDA:1,SafeCastHarness.toUint32
DA:11,1
FN:11,SafeCastHarness.toUint16
FNDA:1,SafeCastHarness.toUint16
DA:12,1
FN:12,SafeCastHarness.toUint256FromInt
FNDA:1,SafeCastHarness.toUint256FromInt
DA:13,1
FN:13,SafeCastHarness.toInt256FromUint
FNDA:1,SafeCastHarness.toInt256FromUint
DA:14,3
FN:14,SafeCastHarness.bpsMul
FNDA:3,SafeCastHarness.bpsMul
DA:15,2
FN:15,SafeCastHarness.validateBps
FNDA:2,SafeCastHarness.validateBps
DA:16,3
FN:16,SafeCastHarness.divUp
FNDA:3,SafeCastHarness.divUp
FNF:9
FNH:9
LF:9
LH:9
BRF:0
BRH:0
end_of_record
TN:
SF:test/unit/vault/BufferVaultV2.t.sol
DA:13,32
FN:13,MockERC20.constructor
FNDA:32,MockERC20.constructor
DA:14,32
DA:17,5
FN:17,MockERC20.mint
FNDA:5,MockERC20.mint
DA:18,5
FNF:2
FNH:2
LF:4
LH:4
BRF:0
BRH:0
end_of_record
TN:
SF:test/unit/venue/ReceiptRouter.t.sol
DA:14,0
FN:14,MockERC1155.uri
FNDA:0,MockERC1155.uri
DA:16,5
FN:16,MockERC1155.balanceOf
FNDA:5,MockERC1155.balanceOf
DA:17,5
DA:20,0
FN:20,MockERC1155.balanceOfBatch
FNDA:0,MockERC1155.balanceOfBatch
DA:21,0
DA:24,0
FN:24,MockERC1155.setApprovalForAll
FNDA:0,MockERC1155.setApprovalForAll
DA:25,0
FN:25,MockERC1155.isApprovedForAll
FNDA:0,MockERC1155.isApprovedForAll
DA:27,10
FN:27,MockERC1155.safeTransferFrom
FNDA:10,MockERC1155.safeTransferFrom
DA:29,10
BRDA:29,0,0,-
BRDA:29,0,1,-
DA:30,10
DA:32,10
DA:34,10
BRDA:34,1,0,5
DA:35,5
DA:36,3
BRDA:36,2,0,-
BRDA:36,2,1,-
DA:40,2
FN:40,MockERC1155.safeBatchTransferFrom
FNDA:2,MockERC1155.safeBatchTransferFrom
DA:41,2
DA:42,5
BRDA:42,3,0,-
BRDA:42,3,1,-
DA:43,5
DA:44,5
DA:46,2
BRDA:46,4,0,2
DA:47,2
DA:48,1
BRDA:48,5,0,-
BRDA:48,5,1,-
DA:52,8
FN:52,MockERC1155.mint
FNDA:8,MockERC1155.mint
DA:53,8
DA:56,0
FN:56,MockERC1155.supportsInterface
FNDA:0,MockERC1155.supportsInterface
DA:58,0
DA:69,3
FN:69,MockMessenger.attestFill
FNDA:3,MockMessenger.attestFill
DA:70,3
DA:71,3
DA:72,3
DA:73,3
DA:74,3
FNF:10
FNH:5
LF:32
LH:25
BRF:10
BRH:2
end_of_record
